TN:
SF:src/app.js
FN:34,(anonymous_0)
FN:90,(anonymous_1)
FN:99,(anonymous_2)
FNF:3
FNH:0
FNDA:0,(anonymous_0)
FNDA:0,(anonymous_1)
FNDA:0,(anonymous_2)
DA:11,0
DA:12,0
DA:14,0
DA:17,0
DA:20,0
DA:33,0
DA:36,0
DA:37,0
DA:41,0
DA:42,0
DA:43,0
DA:44,0
DA:45,0
DA:53,0
DA:54,0
DA:55,0
DA:59,0
DA:60,0
DA:61,0
DA:64,0
DA:65,0
DA:70,0
DA:72,0
DA:77,0
DA:80,0
DA:81,0
DA:84,0
DA:87,0
DA:90,0
DA:91,0
DA:99,0
DA:100,0
DA:130,0
DA:131,0
DA:132,0
DA:133,0
DA:134,0
DA:135,0
DA:136,0
DA:137,0
DA:138,0
DA:139,0
DA:140,0
DA:141,0
DA:142,0
DA:143,0
DA:144,0
DA:145,0
DA:146,0
DA:147,0
DA:148,0
DA:149,0
DA:152,0
DA:155,0
LF:54
LH:0
BRDA:36,0,0,0
BRDA:36,0,1,0
BRDA:41,1,0,0
BRDA:41,1,1,0
BRDA:44,2,0,0
BRDA:44,2,1,0
BRDA:44,3,0,0
BRDA:44,3,1,0
BRDA:53,4,0,0
BRDA:53,4,1,0
BRDA:54,5,0,0
BRDA:54,5,1,0
BRDA:64,6,0,0
BRDA:64,6,1,0
BRDA:64,7,0,0
BRDA:64,7,1,0
BRDA:64,7,2,0
BRF:17
BRH:0
end_of_record
TN:
SF:src/index.js
FN:27,(anonymous_0)
FN:39,(anonymous_1)
FN:48,(anonymous_2)
FN:54,(anonymous_3)
FN:55,(anonymous_4)
FNF:5
FNH:0
FNDA:0,(anonymous_0)
FNDA:0,(anonymous_1)
FNDA:0,(anonymous_2)
FNDA:0,(anonymous_3)
FNDA:0,(anonymous_4)
DA:12,0
DA:15,0
DA:18,0
DA:21,0
DA:24,0
DA:27,0
DA:28,0
DA:29,0
DA:30,0
DA:31,0
DA:34,0
DA:35,0
DA:39,0
DA:40,0
DA:43,0
DA:46,0
DA:48,0
DA:49,0
DA:50,0
DA:54,0
DA:55,0
LF:21
LH:0
BRF:0
BRH:0
end_of_record
TN:
SF:src/config/index.js
FNF:0
FNH:0
DA:5,2
DA:7,2
DA:8,2
DA:10,2
DA:62,2
DA:63,0
DA:67,2
DA:75,2
DA:76,0
DA:77,0
DA:79,0
DA:83,2
DA:84,0
LF:13
LH:8
BRDA:5,0,0,0
BRDA:5,0,1,2
BRDA:12,1,0,2
BRDA:12,1,1,0
BRDA:16,2,0,2
BRDA:16,2,1,0
BRDA:20,3,0,2
BRDA:20,3,1,0
BRDA:26,4,0,2
BRDA:26,4,1,0
BRDA:27,5,0,2
BRDA:27,5,1,0
BRDA:33,6,0,0
BRDA:33,6,1,2
BRDA:34,7,0,0
BRDA:34,7,1,0
BRDA:39,8,0,2
BRDA:39,8,1,2
BRDA:44,9,0,2
BRDA:44,9,1,2
BRDA:53,10,0,2
BRDA:53,10,1,2
BRDA:54,11,0,2
BRDA:54,11,1,2
BRDA:55,12,0,2
BRDA:55,12,1,2
BRDA:56,13,0,2
BRDA:56,13,1,2
BRDA:57,14,0,2
BRDA:57,14,1,2
BRDA:62,15,0,0
BRDA:62,15,1,2
BRDA:75,16,0,0
BRDA:75,16,1,2
BRDA:76,17,0,0
BRDA:76,17,1,0
BRDA:83,18,0,0
BRDA:83,18,1,2
BRF:38
BRH:24
end_of_record
TN:
SF:src/constants/languages.js
FN:42,(anonymous_0)
FN:44,(anonymous_1)
FN:54,(anonymous_2)
FN:60,(anonymous_3)
FNF:4
FNH:0
FNDA:0,(anonymous_0)
FNDA:0,(anonymous_1)
FNDA:0,(anonymous_2)
FNDA:0,(anonymous_3)
DA:7,0
DA:10,0
DA:34,0
DA:42,0
DA:43,0
DA:44,0
DA:45,0
DA:47,0
DA:54,0
DA:60,0
LF:10
LH:0
BRDA:42,0,0,0
BRDA:42,1,0,0
BRDA:54,2,0,0
BRDA:60,3,0,0
BRF:4
BRH:0
end_of_record
TN:
SF:src/core/bootstrap.js
FN:9,generateSecurePassword
FN:22,cleanupStaleIndexes
FN:28,(anonymous_2)
FN:41,bootstrap
FNF:4
FNH:0
FNDA:0,generateSecurePassword
FNDA:0,cleanupStaleIndexes
FNDA:0,(anonymous_2)
FNDA:0,bootstrap
DA:10,0
DA:11,0
DA:12,0
DA:13,0
DA:14,0
DA:16,0
DA:23,0
DA:24,0
DA:25,0
DA:28,0
DA:29,0
DA:30,0
DA:31,0
DA:35,0
DA:36,0
DA:42,0
DA:43,0
DA:46,0
DA:49,0
DA:54,0
DA:55,0
DA:58,0
DA:60,0
DA:72,0
DA:73,0
DA:74,0
DA:75,0
DA:76,0
DA:77,0
DA:80,0
DA:82,0
LF:31
LH:0
BRDA:9,0,0,0
BRDA:29,1,0,0
BRDA:29,1,1,0
BRDA:35,2,0,0
BRDA:35,2,1,0
BRDA:54,3,0,0
BRDA:54,3,1,0
BRF:7
BRH:0
end_of_record
TN:
SF:src/core/errors.js
FN:3,(anonymous_0)
FN:13,(anonymous_1)
FN:20,(anonymous_2)
FN:27,(anonymous_3)
FN:34,(anonymous_4)
FN:41,(anonymous_5)
FN:48,(anonymous_6)
FNF:7
FNH:5
FNDA:6,(anonymous_0)
FNDA:1,(anonymous_1)
FNDA:1,(anonymous_2)
FNDA:1,(anonymous_3)
FNDA:1,(anonymous_4)
FNDA:0,(anonymous_5)
FNDA:0,(anonymous_6)
DA:4,6
DA:5,6
DA:6,6
DA:7,6
DA:14,1
DA:21,1
DA:28,1
DA:35,1
DA:42,0
DA:49,0
LF:10
LH:8
BRDA:3,0,0,1
BRDA:13,1,0,0
BRDA:20,2,0,0
BRDA:27,3,0,0
BRDA:34,4,0,0
BRDA:41,5,0,0
BRDA:48,6,0,0
BRF:7
BRH:1
end_of_record
TN:
SF:src/core/logger.js
FN:10,(anonymous_0)
FN:85,logError
FN:108,logWarning
FN:117,logInfo
FN:126,logDebug
FN:135,logRequest
FN:162,logPricingOperation
FN:174,logSecurityEvent
FN:188,logPerformance
FN:204,createChildLogger
FNF:10
FNH:0
FNDA:0,(anonymous_0)
FNDA:0,logError
FNDA:0,logWarning
FNDA:0,logInfo
FNDA:0,logDebug
FNDA:0,logRequest
FNDA:0,logPricingOperation
FNDA:0,logSecurityEvent
FNDA:0,logPerformance
FNDA:0,createChildLogger
DA:6,1
DA:7,1
DA:10,1
DA:11,0
DA:14,0
DA:16,0
DA:17,0
DA:18,0
DA:20,0
DA:21,0
DA:25,0
DA:29,1
DA:36,1
DA:39,1
DA:54,1
DA:56,0
DA:68,0
DA:86,0
DA:91,0
DA:92,0
DA:93,0
DA:94,0
DA:95,0
DA:96,0
DA:97,0
DA:100,0
DA:109,0
DA:118,0
DA:127,0
DA:136,0
DA:138,0
DA:149,0
DA:150,0
DA:151,0
DA:153,0
DA:163,0
DA:175,0
DA:189,0
DA:190,0
DA:205,0
LF:40
LH:7
BRDA:14,0,0,0
BRDA:14,0,1,0
BRDA:17,1,0,0
BRDA:17,1,1,0
BRDA:20,2,0,0
BRDA:20,2,1,0
BRDA:40,3,0,1
BRDA:40,3,1,0
BRDA:54,4,0,0
BRDA:54,4,1,1
BRDA:85,5,0,0
BRDA:91,6,0,0
BRDA:91,6,1,0
BRDA:95,7,0,0
BRDA:95,7,1,0
BRDA:96,8,0,0
BRDA:96,8,1,0
BRDA:108,9,0,0
BRDA:117,10,0,0
BRDA:126,11,0,0
BRDA:135,12,0,0
BRDA:144,13,0,0
BRDA:144,13,1,0
BRDA:146,14,0,0
BRDA:146,14,1,0
BRDA:149,15,0,0
BRDA:149,15,1,0
BRDA:150,16,0,0
BRDA:150,16,1,0
BRDA:162,17,0,0
BRDA:174,18,0,0
BRDA:188,19,0,0
BRDA:189,20,0,0
BRDA:189,20,1,0
BRDA:204,21,0,0
BRF:35
BRH:2
end_of_record
TN:
SF:src/core/mongoose.js
FN:5,(anonymous_0)
FN:18,(anonymous_1)
FN:22,(anonymous_2)
FN:27,(anonymous_3)
FNF:4
FNH:0
FNDA:0,(anonymous_0)
FNDA:0,(anonymous_1)
FNDA:0,(anonymous_2)
FNDA:0,(anonymous_3)
DA:5,0
DA:6,0
DA:7,0
DA:9,0
DA:10,0
DA:12,0
DA:13,0
DA:18,0
DA:19,0
DA:22,0
DA:23,0
DA:27,0
DA:28,0
DA:29,0
DA:30,0
LF:15
LH:0
BRF:0
BRH:0
end_of_record
TN:
SF:src/core/redis.js
FN:17,initRedis
FN:30,(anonymous_1)
FN:43,(anonymous_2)
FN:47,(anonymous_3)
FN:52,(anonymous_4)
FN:57,(anonymous_5)
FN:62,(anonymous_6)
FN:87,getRedisClient
FN:95,isRedisConnected
FN:102,closeRedis
FN:125,(anonymous_10)
FN:144,(anonymous_11)
FN:164,(anonymous_12)
FN:221,(anonymous_13)
FN:237,(anonymous_14)
FNF:15
FNH:1
FNDA:0,initRedis
FNDA:0,(anonymous_1)
FNDA:0,(anonymous_2)
FNDA:0,(anonymous_3)
FNDA:0,(anonymous_4)
FNDA:0,(anonymous_5)
FNDA:0,(anonymous_6)
FNDA:0,getRedisClient
FNDA:43,isRedisConnected
FNDA:0,closeRedis
FNDA:0,(anonymous_10)
FNDA:0,(anonymous_11)
FNDA:0,(anonymous_12)
FNDA:0,(anonymous_13)
FNDA:0,(anonymous_14)
DA:10,1
DA:11,1
DA:18,0
DA:19,0
DA:20,0
DA:23,0
DA:24,0
DA:31,0
DA:32,0
DA:33,0
DA:35,0
DA:43,0
DA:44,0
DA:47,0
DA:48,0
DA:49,0
DA:52,0
DA:53,0
DA:54,0
DA:57,0
DA:58,0
DA:59,0
DA:62,0
DA:63,0
DA:67,0
DA:70,0
DA:71,0
DA:72,0
DA:74,0
DA:76,0
DA:77,0
DA:78,0
DA:79,0
DA:88,0
DA:96,43
DA:103,0
DA:104,0
DA:105,0
DA:106,0
DA:108,0
DA:109,0
DA:111,0
DA:112,0
DA:119,1
DA:126,0
DA:128,0
DA:129,0
DA:130,0
DA:132,0
DA:133,0
DA:145,0
DA:147,0
DA:148,0
DA:149,0
DA:150,0
DA:152,0
DA:153,0
DA:165,0
DA:167,0
DA:168,0
DA:169,0
DA:170,0
DA:173,0
DA:200,0
DA:201,0
DA:202,0
DA:204,0
DA:211,0
DA:212,0
DA:222,0
DA:224,0
DA:225,0
DA:226,0
DA:228,0
DA:229,0
DA:238,0
DA:239,0
DA:242,0
DA:243,0
DA:244,0
DA:245,0
DA:247,0
DA:253,0
DA:254,0
LF:84
LH:4
BRDA:18,0,0,0
BRDA:18,0,1,0
BRDA:27,1,0,0
BRDA:27,1,1,0
BRDA:28,2,0,0
BRDA:28,2,1,0
BRDA:29,3,0,0
BRDA:29,3,1,0
BRDA:31,4,0,0
BRDA:31,4,1,0
BRDA:88,5,0,0
BRDA:88,5,1,0
BRDA:96,6,0,43
BRDA:96,6,1,0
BRDA:103,7,0,0
BRDA:103,7,1,0
BRDA:126,8,0,0
BRDA:126,8,1,0
BRDA:126,9,0,0
BRDA:126,9,1,0
BRDA:130,10,0,0
BRDA:130,10,1,0
BRDA:145,11,0,0
BRDA:145,11,1,0
BRDA:145,12,0,0
BRDA:145,12,1,0
BRDA:165,13,0,0
BRDA:165,13,1,0
BRDA:165,14,0,0
BRDA:165,14,1,0
BRDA:222,15,0,0
BRDA:222,15,1,0
BRDA:222,16,0,0
BRDA:222,16,1,0
BRDA:238,17,0,0
BRDA:238,17,1,0
BRDA:238,18,0,0
BRDA:238,18,1,0
BRDA:250,19,0,0
BRDA:250,19,1,0
BRF:40
BRH:1
end_of_record
TN:
SF:src/core/socket.js
FN:11,(anonymous_0)
FN:23,(anonymous_1)
FN:28,(anonymous_2)
FN:43,(anonymous_3)
FN:49,(anonymous_4)
FN:55,(anonymous_5)
FN:67,(anonymous_6)
FN:80,(anonymous_7)
FN:91,(anonymous_8)
FN:103,(anonymous_9)
FN:114,(anonymous_10)
FN:126,(anonymous_11)
FN:127,(anonymous_12)
FN:144,(anonymous_13)
FN:145,(anonymous_14)
FN:164,(anonymous_15)
FN:165,(anonymous_16)
FN:181,(anonymous_17)
FN:182,(anonymous_18)
FN:202,(anonymous_19)
FN:203,(anonymous_20)
FN:219,(anonymous_21)
FN:231,(anonymous_22)
FN:244,(anonymous_23)
FNF:24
FNH:0
FNDA:0,(anonymous_0)
FNDA:0,(anonymous_1)
FNDA:0,(anonymous_2)
FNDA:0,(anonymous_3)
FNDA:0,(anonymous_4)
FNDA:0,(anonymous_5)
FNDA:0,(anonymous_6)
FNDA:0,(anonymous_7)
FNDA:0,(anonymous_8)
FNDA:0,(anonymous_9)
FNDA:0,(anonymous_10)
FNDA:0,(anonymous_11)
FNDA:0,(anonymous_12)
FNDA:0,(anonymous_13)
FNDA:0,(anonymous_14)
FNDA:0,(anonymous_15)
FNDA:0,(anonymous_16)
FNDA:0,(anonymous_17)
FNDA:0,(anonymous_18)
FNDA:0,(anonymous_19)
FNDA:0,(anonymous_20)
FNDA:0,(anonymous_21)
FNDA:0,(anonymous_22)
FNDA:0,(anonymous_23)
DA:5,0
DA:11,0
DA:12,0
DA:23,0
DA:24,0
DA:28,0
DA:29,0
DA:30,0
DA:31,0
DA:32,0
DA:33,0
DA:34,0
DA:35,0
DA:38,0
DA:43,0
DA:44,0
DA:45,0
DA:49,0
DA:50,0
DA:51,0
DA:55,0
DA:56,0
DA:60,0
DA:61,0
DA:67,0
DA:68,0
DA:69,0
DA:71,0
DA:80,0
DA:81,0
DA:82,0
DA:91,0
DA:92,0
DA:93,0
DA:103,0
DA:104,0
DA:105,0
DA:115,0
DA:116,0
DA:117,0
DA:118,0
DA:119,0
DA:127,0
DA:133,0
DA:145,0
DA:146,0
DA:147,0
DA:148,0
DA:149,0
DA:150,0
DA:165,0
DA:166,0
DA:167,0
DA:168,0
DA:182,0
DA:183,0
DA:184,0
DA:185,0
DA:186,0
DA:187,0
DA:188,0
DA:203,0
DA:204,0
DA:205,0
DA:206,0
DA:207,0
DA:220,0
DA:221,0
DA:232,0
DA:233,0
DA:245,0
DA:246,0
DA:252,0
DA:253,0
LF:74
LH:0
BRDA:29,0,0,0
BRDA:29,1,0,0
BRDA:29,1,1,0
BRDA:30,2,0,0
BRDA:30,2,1,0
BRDA:68,3,0,0
BRDA:68,3,1,0
BRDA:81,4,0,0
BRDA:81,4,1,0
BRDA:92,5,0,0
BRDA:92,5,1,0
BRDA:104,6,0,0
BRDA:104,6,1,0
BRDA:114,7,0,0
BRDA:144,8,0,0
BRDA:146,9,0,0
BRDA:146,9,1,0
BRDA:164,10,0,0
BRDA:166,11,0,0
BRDA:166,11,1,0
BRDA:181,12,0,0
BRDA:183,13,0,0
BRDA:183,13,1,0
BRDA:186,14,0,0
BRDA:186,14,1,0
BRDA:204,15,0,0
BRDA:204,15,1,0
BRDA:219,16,0,0
BRDA:244,17,0,0
BRDA:252,18,0,0
BRDA:252,18,1,0
BRF:31
BRH:0
end_of_record
TN:
SF:src/helpers/asyncHandler.js
FN:2,(anonymous_0)
FN:2,(anonymous_1)
FNF:2
FNH:2
FNDA:3,(anonymous_0)
FNDA:3,(anonymous_1)
DA:2,3
DA:3,3
LF:2
LH:2
BRF:0
BRH:0
end_of_record
TN:
SF:src/helpers/emailTemplates.js
FN:277,(anonymous_0)
FN:294,(anonymous_1)
FN:312,(anonymous_2)
FN:331,(anonymous_3)
FN:340,(anonymous_4)
FN:356,(anonymous_5)
FN:372,(anonymous_6)
FN:397,(anonymous_7)
FN:401,(anonymous_8)
FN:402,(anonymous_9)
FNF:10
FNH:0
FNDA:0,(anonymous_0)
FNDA:0,(anonymous_1)
FNDA:0,(anonymous_2)
FNDA:0,(anonymous_3)
FNDA:0,(anonymous_4)
FNDA:0,(anonymous_5)
FNDA:0,(anonymous_6)
FNDA:0,(anonymous_7)
FNDA:0,(anonymous_8)
FNDA:0,(anonymous_9)
DA:7,0
DA:8,0
DA:10,0
DA:11,0
DA:17,0
DA:79,0
DA:277,0
DA:278,0
DA:279,0
DA:280,0
DA:282,0
DA:283,0
DA:294,0
DA:295,0
DA:297,0
DA:300,0
DA:301,0
DA:304,0
DA:312,0
DA:314,0
DA:315,0
DA:318,0
DA:321,0
DA:322,0
DA:324,0
DA:331,0
DA:332,0
DA:333,0
DA:334,0
DA:336,0
DA:337,0
DA:340,0
DA:341,0
DA:342,0
DA:346,0
DA:356,0
DA:357,0
DA:358,0
DA:361,0
DA:363,0
DA:372,0
DA:373,0
DA:397,0
DA:398,0
DA:399,0
DA:400,0
DA:401,0
DA:402,0
DA:404,0
LF:49
LH:0
BRDA:294,0,0,0
BRDA:294,1,0,0
BRDA:297,2,0,0
BRDA:297,2,1,0
BRDA:315,3,0,0
BRDA:315,3,1,0
BRDA:321,4,0,0
BRDA:321,4,1,0
BRDA:331,5,0,0
BRDA:342,6,0,0
BRDA:342,6,1,0
BRDA:347,7,0,0
BRDA:347,7,1,0
BRDA:349,8,0,0
BRDA:349,8,1,0
BRDA:350,9,0,0
BRDA:350,9,1,0
BRDA:351,10,0,0
BRDA:351,10,1,0
BRDA:358,11,0,0
BRDA:358,11,1,0
BRDA:401,12,0,0
BRDA:401,12,1,0
BRF:23
BRH:0
end_of_record
TN:
SF:src/helpers/encryption.js
FN:12,(anonymous_0)
FN:31,(anonymous_1)
FN:57,(anonymous_2)
FN:90,(anonymous_3)
FN:113,(anonymous_4)
FN:122,(anonymous_5)
FN:132,(anonymous_6)
FNF:7
FNH:0
FNDA:0,(anonymous_0)
FNDA:0,(anonymous_1)
FNDA:0,(anonymous_2)
FNDA:0,(anonymous_3)
FNDA:0,(anonymous_4)
FNDA:0,(anonymous_5)
FNDA:0,(anonymous_6)
DA:4,0
DA:5,0
DA:6,0
DA:12,0
DA:13,0
DA:15,0
DA:16,0
DA:19,0
DA:20,0
DA:23,0
DA:31,0
DA:32,0
DA:34,0
DA:35,0
DA:36,0
DA:37,0
DA:39,0
DA:40,0
DA:42,0
DA:45,0
DA:47,0
DA:48,0
DA:57,0
DA:58,0
DA:60,0
DA:61,0
DA:62,0
DA:64,0
DA:65,0
DA:68,0
DA:69,0
DA:70,0
DA:72,0
DA:73,0
DA:75,0
DA:76,0
DA:78,0
DA:80,0
DA:81,0
DA:90,0
DA:91,0
DA:93,0
DA:94,0
DA:96,0
DA:99,0
DA:113,0
DA:114,0
DA:122,0
DA:123,0
DA:132,0
DA:133,0
DA:134,0
DA:136,0
DA:137,0
DA:138,0
LF:55
LH:0
BRDA:15,0,0,0
BRDA:15,0,1,0
BRDA:19,1,0,0
BRDA:19,1,1,0
BRDA:32,2,0,0
BRDA:32,2,1,0
BRDA:58,3,0,0
BRDA:58,3,1,0
BRDA:64,4,0,0
BRDA:64,4,1,0
BRDA:91,5,0,0
BRDA:91,5,1,0
BRDA:91,6,0,0
BRDA:91,6,1,0
BRDA:94,7,0,0
BRDA:94,7,1,0
BRDA:100,8,0,0
BRDA:100,8,1,0
BRDA:100,8,2,0
BRDA:100,8,3,0
BRDA:100,8,4,0
BRDA:132,9,0,0
BRDA:133,10,0,0
BRDA:133,10,1,0
BRDA:134,11,0,0
BRDA:134,11,1,0
BRF:26
BRH:0
end_of_record
TN:
SF:src/helpers/hotelUpload.js
FN:17,(anonymous_0)
FN:33,(anonymous_1)
FN:41,(anonymous_2)
FN:63,(anonymous_3)
FN:68,(anonymous_4)
FN:84,(anonymous_5)
FN:97,(anonymous_6)
FN:113,(anonymous_7)
FN:130,(anonymous_8)
FN:135,(anonymous_9)
FN:153,(anonymous_10)
FNF:11
FNH:0
FNDA:0,(anonymous_0)
FNDA:0,(anonymous_1)
FNDA:0,(anonymous_2)
FNDA:0,(anonymous_3)
FNDA:0,(anonymous_4)
FNDA:0,(anonymous_5)
FNDA:0,(anonymous_6)
FNDA:0,(anonymous_7)
FNDA:0,(anonymous_8)
FNDA:0,(anonymous_9)
FNDA:0,(anonymous_10)
DA:6,0
DA:7,0
DA:10,0
DA:11,0
DA:12,0
DA:16,0
DA:19,0
DA:20,0
DA:22,0
DA:23,0
DA:26,0
DA:28,0
DA:29,0
DA:31,0
DA:34,0
DA:35,0
DA:36,0
DA:41,0
DA:42,0
DA:43,0
DA:44,0
DA:46,0
DA:47,0
DA:49,0
DA:54,0
DA:63,0
DA:64,0
DA:68,0
DA:69,0
DA:76,0
DA:77,0
DA:78,0
DA:80,0
DA:84,0
DA:85,0
DA:86,0
DA:87,0
DA:88,0
DA:90,0
DA:96,0
DA:98,0
DA:99,0
DA:101,0
DA:102,0
DA:106,0
DA:108,0
DA:109,0
DA:111,0
DA:114,0
DA:115,0
DA:116,0
DA:121,0
DA:130,0
DA:131,0
DA:135,0
DA:136,0
DA:145,0
DA:146,0
DA:147,0
DA:149,0
DA:153,0
DA:154,0
DA:162,0
DA:163,0
DA:164,0
DA:166,0
LF:66
LH:0
BRDA:11,0,0,0
BRDA:11,0,1,0
BRDA:19,1,0,0
BRDA:19,1,1,0
BRDA:22,2,0,0
BRDA:22,2,1,0
BRDA:22,3,0,0
BRDA:22,3,1,0
BRDA:28,4,0,0
BRDA:28,4,1,0
BRDA:46,5,0,0
BRDA:46,5,1,0
BRDA:46,6,0,0
BRDA:46,6,1,0
BRDA:76,7,0,0
BRDA:76,7,1,0
BRDA:86,8,0,0
BRDA:86,8,1,0
BRDA:101,9,0,0
BRDA:101,9,1,0
BRDA:101,10,0,0
BRDA:101,10,1,0
BRDA:108,11,0,0
BRDA:108,11,1,0
BRDA:145,12,0,0
BRDA:145,12,1,0
BRDA:162,13,0,0
BRDA:162,13,1,0
BRF:28
BRH:0
end_of_record
TN:
SF:src/helpers/i18n.js
FN:13,(anonymous_0)
FN:24,(anonymous_1)
FN:29,(anonymous_2)
FN:38,(anonymous_3)
FNF:4
FNH:0
FNDA:0,(anonymous_0)
FNDA:0,(anonymous_1)
FNDA:0,(anonymous_2)
FNDA:0,(anonymous_3)
DA:5,0
DA:6,0
DA:9,0
DA:10,0
DA:12,0
DA:13,0
DA:14,0
DA:15,0
DA:16,0
DA:21,0
DA:24,0
DA:25,0
DA:29,0
DA:32,0
DA:35,0
DA:38,0
DA:40,0
LF:17
LH:0
BRDA:14,0,0,0
BRDA:14,0,1,0
BRDA:24,1,0,0
BRDA:25,2,0,0
BRDA:25,2,1,0
BRDA:25,2,2,0
BRDA:32,3,0,0
BRDA:32,3,1,0
BRDA:32,3,2,0
BRDA:35,4,0,0
BRDA:35,4,1,0
BRF:11
BRH:0
end_of_record
TN:
SF:src/helpers/imageDownloader.js
FN:26,(anonymous_0)
FN:27,(anonymous_1)
FN:71,(anonymous_2)
FN:97,(anonymous_3)
FN:104,(anonymous_4)
FN:105,(anonymous_5)
FN:111,(anonymous_6)
FN:115,(anonymous_7)
FN:131,(anonymous_8)
FN:171,(anonymous_9)
FN:192,(anonymous_10)
FN:242,(anonymous_11)
FN:243,(anonymous_12)
FN:281,(anonymous_13)
FN:307,(anonymous_14)
FN:312,(anonymous_15)
FN:313,(anonymous_16)
FN:319,(anonymous_17)
FN:323,(anonymous_18)
FNF:19
FNH:0
FNDA:0,(anonymous_0)
FNDA:0,(anonymous_1)
FNDA:0,(anonymous_2)
FNDA:0,(anonymous_3)
FNDA:0,(anonymous_4)
FNDA:0,(anonymous_5)
FNDA:0,(anonymous_6)
FNDA:0,(anonymous_7)
FNDA:0,(anonymous_8)
FNDA:0,(anonymous_9)
FNDA:0,(anonymous_10)
FNDA:0,(anonymous_11)
FNDA:0,(anonymous_12)
FNDA:0,(anonymous_13)
FNDA:0,(anonymous_14)
FNDA:0,(anonymous_15)
FNDA:0,(anonymous_16)
FNDA:0,(anonymous_17)
FNDA:0,(anonymous_18)
DA:8,0
DA:9,0
DA:11,0
DA:12,0
DA:15,0
DA:16,0
DA:26,0
DA:27,0
DA:28,0
DA:29,0
DA:30,0
DA:34,0
DA:35,0
DA:36,0
DA:40,0
DA:41,0
DA:42,0
DA:43,0
DA:47,0
DA:48,0
DA:49,0
DA:50,0
DA:53,0
DA:54,0
DA:56,0
DA:73,0
DA:78,0
DA:81,0
DA:84,0
DA:85,0
DA:89,0
DA:90,0
DA:91,0
DA:94,0
DA:95,0
DA:97,0
DA:98,0
DA:100,0
DA:101,0
DA:104,0
DA:105,0
DA:106,0
DA:111,0
DA:112,0
DA:115,0
DA:116,0
DA:117,0
DA:120,0
DA:131,0
DA:132,0
DA:134,0
DA:135,0
DA:137,0
DA:138,0
DA:139,0
DA:141,0
DA:142,0
DA:144,0
DA:145,0
DA:151,0
DA:152,0
DA:154,0
DA:157,0
DA:161,0
DA:162,0
DA:171,0
DA:172,0
DA:174,0
DA:176,0
DA:177,0
DA:178,0
DA:181,0
DA:182,0
DA:192,0
DA:193,0
DA:195,0
DA:196,0
DA:199,0
DA:200,0
DA:201,0
DA:204,0
DA:205,0
DA:206,0
DA:208,0
DA:210,0
DA:212,0
DA:213,0
DA:219,0
DA:220,0
DA:224,0
DA:227,0
DA:231,0
DA:232,0
DA:242,0
DA:243,0
DA:244,0
DA:245,0
DA:246,0
DA:250,0
DA:251,0
DA:252,0
DA:253,0
DA:257,0
DA:258,0
DA:259,0
DA:260,0
DA:263,0
DA:264,0
DA:266,0
DA:283,0
DA:288,0
DA:291,0
DA:294,0
DA:295,0
DA:299,0
DA:300,0
DA:301,0
DA:304,0
DA:305,0
DA:307,0
DA:308,0
DA:309,0
DA:312,0
DA:313,0
DA:314,0
DA:319,0
DA:320,0
DA:323,0
DA:324,0
DA:325,0
DA:328,0
LF:131
LH:0
BRDA:15,0,0,0
BRDA:15,0,1,0
BRDA:26,1,0,0
BRDA:29,2,0,0
BRDA:29,2,1,0
BRDA:29,3,0,0
BRDA:29,3,1,0
BRDA:35,4,0,0
BRDA:35,4,1,0
BRDA:42,5,0,0
BRDA:42,5,1,0
BRDA:53,6,0,0
BRDA:53,6,1,0
BRDA:73,7,0,0
BRDA:73,7,1,0
BRDA:74,8,0,0
BRDA:74,8,1,0
BRDA:74,8,2,0
BRDA:78,9,0,0
BRDA:78,9,1,0
BRDA:84,10,0,0
BRDA:84,10,1,0
BRDA:89,11,0,0
BRDA:89,11,1,0
BRDA:90,12,0,0
BRDA:90,12,1,0
BRDA:132,13,0,0
BRDA:132,13,1,0
BRDA:132,14,0,0
BRDA:132,14,1,0
BRDA:137,15,0,0
BRDA:137,15,1,0
BRDA:139,16,0,0
BRDA:139,16,1,0
BRDA:144,17,0,0
BRDA:144,17,1,0
BRDA:147,18,0,0
BRDA:147,18,1,0
BRDA:172,19,0,0
BRDA:172,19,1,0
BRDA:176,20,0,0
BRDA:176,20,1,0
BRDA:193,21,0,0
BRDA:193,21,1,0
BRDA:193,22,0,0
BRDA:193,22,1,0
BRDA:200,23,0,0
BRDA:200,23,1,0
BRDA:204,24,0,0
BRDA:204,24,1,0
BRDA:206,25,0,0
BRDA:206,25,1,0
BRDA:212,26,0,0
BRDA:212,26,1,0
BRDA:215,27,0,0
BRDA:215,27,1,0
BRDA:245,28,0,0
BRDA:245,28,1,0
BRDA:245,29,0,0
BRDA:245,29,1,0
BRDA:252,30,0,0
BRDA:252,30,1,0
BRDA:263,31,0,0
BRDA:263,31,1,0
BRDA:283,32,0,0
BRDA:283,32,1,0
BRDA:284,33,0,0
BRDA:284,33,1,0
BRDA:284,33,2,0
BRDA:288,34,0,0
BRDA:288,34,1,0
BRDA:294,35,0,0
BRDA:294,35,1,0
BRDA:299,36,0,0
BRDA:299,36,1,0
BRDA:300,37,0,0
BRDA:300,37,1,0
BRF:77
BRH:0
end_of_record
TN:
SF:src/helpers/mail.js
FN:14,(anonymous_0)
FN:82,(anonymous_1)
FN:100,(anonymous_2)
FN:115,(anonymous_3)
FN:188,(anonymous_4)
FN:215,(anonymous_5)
FN:232,(anonymous_6)
FN:261,(anonymous_7)
FN:288,(anonymous_8)
FN:304,(anonymous_9)
FN:319,(anonymous_10)
FN:333,(anonymous_11)
FN:424,(anonymous_12)
FN:495,(anonymous_13)
FN:511,(anonymous_14)
FNF:15
FNH:0
FNDA:0,(anonymous_0)
FNDA:0,(anonymous_1)
FNDA:0,(anonymous_2)
FNDA:0,(anonymous_3)
FNDA:0,(anonymous_4)
FNDA:0,(anonymous_5)
FNDA:0,(anonymous_6)
FNDA:0,(anonymous_7)
FNDA:0,(anonymous_8)
FNDA:0,(anonymous_9)
FNDA:0,(anonymous_10)
FNDA:0,(anonymous_11)
FNDA:0,(anonymous_12)
FNDA:0,(anonymous_13)
FNDA:0,(anonymous_14)
DA:7,0
DA:14,0
DA:15,0
DA:18,0
DA:21,0
DA:22,0
DA:23,0
DA:25,0
DA:26,0
DA:27,0
DA:28,0
DA:29,0
DA:43,0
DA:44,0
DA:46,0
DA:47,0
DA:54,0
DA:58,0
DA:59,0
DA:62,0
DA:73,0
DA:82,0
DA:84,0
DA:85,0
DA:86,0
DA:90,0
DA:99,0
DA:100,0
DA:102,0
DA:115,0
DA:116,0
DA:117,0
DA:120,0
DA:121,0
DA:122,0
DA:123,0
DA:129,0
DA:131,0
DA:135,0
DA:136,0
DA:138,0
DA:140,0
DA:160,0
DA:161,0
DA:167,0
DA:168,0
DA:170,0
DA:174,0
DA:180,0
DA:181,0
DA:188,0
DA:197,0
DA:199,0
DA:207,0
DA:209,0
DA:215,0
DA:216,0
DA:218,0
DA:224,0
DA:226,0
DA:232,0
DA:242,0
DA:244,0
DA:253,0
DA:255,0
DA:261,0
DA:270,0
DA:272,0
DA:280,0
DA:282,0
DA:288,0
DA:289,0
DA:291,0
DA:296,0
DA:298,0
DA:304,0
DA:305,0
DA:306,0
DA:319,0
DA:327,0
DA:328,0
DA:330,0
DA:331,0
DA:332,0
DA:333,0
DA:334,0
DA:336,0
DA:340,0
DA:341,0
DA:343,0
DA:344,0
DA:345,0
DA:348,0
DA:374,0
DA:375,0
DA:379,0
DA:390,0
DA:392,0
DA:398,0
DA:399,0
DA:401,0
DA:403,0
DA:409,0
DA:410,0
DA:424,0
DA:432,0
DA:438,0
DA:440,0
DA:495,0
DA:511,0
DA:517,0
LF:111
LH:0
BRDA:14,0,0,0
BRDA:21,1,0,0
BRDA:21,1,1,0
BRDA:25,2,0,0
BRDA:25,2,1,0
BRDA:27,3,0,0
BRDA:27,3,1,0
BRDA:27,4,0,0
BRDA:27,4,1,0
BRDA:32,5,0,0
BRDA:32,5,1,0
BRDA:36,6,0,0
BRDA:36,6,1,0
BRDA:46,7,0,0
BRDA:46,7,1,0
BRDA:46,8,0,0
BRDA:46,8,1,0
BRDA:46,8,2,0
BRDA:58,9,0,0
BRDA:58,9,1,0
BRDA:58,10,0,0
BRDA:58,10,1,0
BRDA:82,11,0,0
BRDA:85,12,0,0
BRDA:85,12,1,0
BRDA:120,13,0,0
BRDA:120,13,1,0
BRDA:121,14,0,0
BRDA:121,14,1,0
BRDA:126,15,0,0
BRDA:126,15,1,0
BRDA:135,16,0,0
BRDA:135,16,1,0
BRDA:138,17,0,0
BRDA:138,17,1,0
BRDA:143,18,0,0
BRDA:143,18,1,0
BRDA:160,19,0,0
BRDA:160,19,1,0
BRDA:277,20,0,0
BRDA:277,20,1,0
BRDA:324,21,0,0
BRDA:330,22,0,0
BRDA:330,22,1,0
BRDA:331,23,0,0
BRDA:331,23,1,0
BRDA:340,24,0,0
BRDA:340,24,1,0
BRDA:344,25,0,0
BRDA:344,25,1,0
BRDA:362,26,0,0
BRDA:362,26,1,0
BRDA:375,27,0,0
BRDA:375,27,1,0
BRDA:382,28,0,0
BRDA:382,28,1,0
BRDA:475,29,0,0
BRDA:475,29,1,0
BRDA:479,30,0,0
BRDA:479,30,1,0
BRDA:483,31,0,0
BRDA:483,31,1,0
BRDA:487,32,0,0
BRDA:487,32,1,0
BRF:64
BRH:0
end_of_record
TN:
SF:src/helpers/roomTypeUpload.js
FN:17,(anonymous_0)
FN:41,(anonymous_1)
FN:49,(anonymous_2)
FN:71,(anonymous_3)
FN:76,(anonymous_4)
FN:94,(anonymous_5)
FNF:6
FNH:0
FNDA:0,(anonymous_0)
FNDA:0,(anonymous_1)
FNDA:0,(anonymous_2)
FNDA:0,(anonymous_3)
FNDA:0,(anonymous_4)
FNDA:0,(anonymous_5)
DA:6,0
DA:7,0
DA:10,0
DA:11,0
DA:12,0
DA:16,0
DA:19,0
DA:20,0
DA:21,0
DA:23,0
DA:24,0
DA:27,0
DA:36,0
DA:37,0
DA:39,0
DA:42,0
DA:43,0
DA:44,0
DA:49,0
DA:50,0
DA:51,0
DA:52,0
DA:54,0
DA:55,0
DA:57,0
DA:62,0
DA:71,0
DA:72,0
DA:76,0
DA:77,0
DA:86,0
DA:87,0
DA:88,0
DA:90,0
DA:94,0
DA:95,0
DA:103,0
DA:104,0
DA:105,0
DA:107,0
LF:40
LH:0
BRDA:11,0,0,0
BRDA:11,0,1,0
BRDA:19,1,0,0
BRDA:19,1,1,0
BRDA:23,2,0,0
BRDA:23,2,1,0
BRDA:23,3,0,0
BRDA:23,3,1,0
BRDA:23,3,2,0
BRDA:36,4,0,0
BRDA:36,4,1,0
BRDA:54,5,0,0
BRDA:54,5,1,0
BRDA:54,6,0,0
BRDA:54,6,1,0
BRDA:86,7,0,0
BRDA:86,7,1,0
BRDA:103,8,0,0
BRDA:103,8,1,0
BRF:19
BRH:0
end_of_record
TN:
SF:src/helpers/siteUpload.js
FN:17,(anonymous_0)
FN:27,(anonymous_1)
FN:43,(anonymous_2)
FN:67,(anonymous_3)
FN:72,(anonymous_4)
FNF:5
FNH:0
FNDA:0,(anonymous_0)
FNDA:0,(anonymous_1)
FNDA:0,(anonymous_2)
FNDA:0,(anonymous_3)
FNDA:0,(anonymous_4)
DA:6,0
DA:7,0
DA:10,0
DA:11,0
DA:12,0
DA:16,0
DA:19,0
DA:20,0
DA:22,0
DA:23,0
DA:25,0
DA:29,0
DA:30,0
DA:31,0
DA:34,0
DA:35,0
DA:37,0
DA:43,0
DA:44,0
DA:45,0
DA:46,0
DA:50,0
DA:51,0
DA:53,0
DA:58,0
DA:67,0
DA:68,0
DA:72,0
DA:73,0
DA:74,0
DA:75,0
DA:76,0
DA:78,0
LF:33
LH:0
BRDA:11,0,0,0
BRDA:11,0,1,0
BRDA:19,1,0,0
BRDA:19,1,1,0
BRDA:20,2,0,0
BRDA:20,2,1,0
BRDA:22,3,0,0
BRDA:22,3,1,0
BRDA:29,4,0,0
BRDA:29,4,1,0
BRDA:34,5,0,0
BRDA:34,5,1,0
BRDA:34,6,0,0
BRDA:34,6,1,0
BRDA:50,7,0,0
BRDA:50,7,1,0
BRDA:50,8,0,0
BRDA:50,8,1,0
BRDA:74,9,0,0
BRDA:74,9,1,0
BRF:20
BRH:0
end_of_record
TN:
SF:src/helpers/twoFactor.js
FN:11,(anonymous_0)
FN:29,(anonymous_1)
FN:45,(anonymous_2)
FN:64,(anonymous_3)
FNF:4
FNH:0
FNDA:0,(anonymous_0)
FNDA:0,(anonymous_1)
FNDA:0,(anonymous_2)
FNDA:0,(anonymous_3)
DA:11,0
DA:12,0
DA:18,0
DA:29,0
DA:30,0
DA:31,0
DA:33,0
DA:34,0
DA:45,0
DA:46,0
DA:47,0
DA:54,0
DA:55,0
DA:64,0
DA:65,0
DA:66,0
DA:67,0
DA:68,0
DA:70,0
LF:19
LH:0
BRDA:11,0,0,0
BRDA:45,1,0,0
BRDA:64,2,0,0
BRF:3
BRH:0
end_of_record
TN:
SF:src/helpers/upload.js
FN:17,(anonymous_0)
FN:25,(anonymous_1)
FN:35,(anonymous_2)
FNF:3
FNH:0
FNDA:0,(anonymous_0)
FNDA:0,(anonymous_1)
FNDA:0,(anonymous_2)
DA:6,0
DA:7,0
DA:10,0
DA:11,0
DA:12,0
DA:16,0
DA:19,0
DA:20,0
DA:21,0
DA:23,0
DA:27,0
DA:28,0
DA:29,0
DA:30,0
DA:35,0
DA:37,0
DA:38,0
DA:39,0
DA:41,0
DA:42,0
DA:44,0
DA:49,0
LF:22
LH:0
BRDA:11,0,0,0
BRDA:11,0,1,0
BRDA:20,1,0,0
BRDA:20,1,1,0
BRDA:41,2,0,0
BRDA:41,2,1,0
BRDA:41,3,0,0
BRDA:41,3,1,0
BRF:8
BRH:0
end_of_record
TN:
SF:src/middleware/auditMiddleware.js
FN:177,(anonymous_0)
FN:207,(anonymous_1)
FN:221,(anonymous_2)
FN:231,(anonymous_3)
FN:239,(anonymous_4)
FN:245,(anonymous_5)
FN:326,(anonymous_6)
FNF:7
FNH:0
FNDA:0,(anonymous_0)
FNDA:0,(anonymous_1)
FNDA:0,(anonymous_2)
FNDA:0,(anonymous_3)
FNDA:0,(anonymous_4)
FNDA:0,(anonymous_5)
FNDA:0,(anonymous_6)
DA:8,0
DA:177,0
DA:178,0
DA:181,0
DA:182,0
DA:186,0
DA:187,0
DA:188,0
DA:191,0
DA:195,0
DA:196,0
DA:197,0
DA:201,0
DA:207,0
DA:208,0
DA:221,0
DA:222,0
DA:223,0
DA:224,0
DA:231,0
DA:232,0
DA:235,0
DA:236,0
DA:239,0
DA:240,0
DA:241,0
DA:245,0
DA:246,0
DA:248,0
DA:249,0
DA:252,0
DA:254,0
DA:255,0
DA:258,0
DA:264,0
DA:265,0
DA:266,0
DA:267,0
DA:268,0
DA:270,0
DA:271,0
DA:276,0
DA:282,0
DA:283,0
DA:284,0
DA:285,0
DA:286,0
DA:287,0
DA:288,0
DA:289,0
DA:290,0
DA:298,0
DA:315,0
DA:319,0
DA:326,0
DA:327,0
DA:329,0
LF:57
LH:0
BRDA:181,0,0,0
BRDA:181,0,1,0
BRDA:188,1,0,0
BRDA:188,1,1,0
BRDA:196,2,0,0
BRDA:196,2,1,0
BRDA:209,3,0,0
BRDA:209,3,1,0
BRDA:209,3,2,0
BRDA:209,3,3,0
BRDA:209,3,4,0
BRDA:209,3,5,0
BRDA:222,4,0,0
BRDA:222,4,1,0
BRDA:223,5,0,0
BRDA:223,5,1,0
BRDA:248,6,0,0
BRDA:248,6,1,0
BRDA:252,7,0,0
BRDA:252,7,1,0
BRDA:264,8,0,0
BRDA:264,8,1,0
BRDA:268,9,0,0
BRDA:268,9,1,0
BRDA:270,10,0,0
BRDA:270,10,1,0
BRDA:282,11,0,0
BRDA:282,11,1,0
BRDA:282,12,0,0
BRDA:282,12,1,0
BRDA:284,13,0,0
BRDA:284,13,1,0
BRDA:285,14,0,0
BRDA:285,14,1,0
BRDA:286,15,0,0
BRDA:286,15,1,0
BRDA:286,15,2,0
BRDA:287,16,0,0
BRDA:287,16,1,0
BRDA:289,17,0,0
BRDA:289,17,1,0
BRDA:307,18,0,0
BRDA:307,18,1,0
BRDA:311,19,0,0
BRDA:311,19,1,0
BRDA:312,20,0,0
BRDA:312,20,1,0
BRDA:327,21,0,0
BRDA:327,21,1,0
BRDA:327,22,0,0
BRDA:327,22,1,0
BRDA:332,23,0,0
BRDA:332,23,1,0
BRDA:335,24,0,0
BRDA:335,24,1,0
BRF:55
BRH:0
end_of_record
TN:
SF:src/middleware/auth.js
FN:10,(anonymous_0)
FN:56,(anonymous_1)
FN:57,(anonymous_2)
FN:108,(anonymous_3)
FN:116,(anonymous_4)
FN:117,(anonymous_5)
FN:126,(anonymous_6)
FN:134,(anonymous_7)
FN:151,(anonymous_8)
FNF:9
FNH:0
FNDA:0,(anonymous_0)
FNDA:0,(anonymous_1)
FNDA:0,(anonymous_2)
FNDA:0,(anonymous_3)
FNDA:0,(anonymous_4)
FNDA:0,(anonymous_5)
FNDA:0,(anonymous_6)
FNDA:0,(anonymous_7)
FNDA:0,(anonymous_8)
DA:10,0
DA:11,0
DA:14,0
DA:15,0
DA:18,0
DA:19,0
DA:23,0
DA:26,0
DA:28,0
DA:29,0
DA:31,0
DA:32,0
DA:36,0
DA:37,0
DA:41,0
DA:42,0
DA:43,0
DA:44,0
DA:45,0
DA:46,0
DA:49,0
DA:56,0
DA:57,0
DA:61,0
DA:62,0
DA:63,0
DA:66,0
DA:70,0
DA:71,0
DA:72,0
DA:76,0
DA:77,0
DA:78,0
DA:79,0
DA:80,0
DA:82,0
DA:83,0
DA:84,0
DA:85,0
DA:90,0
DA:91,0
DA:92,0
DA:93,0
DA:95,0
DA:97,0
DA:98,0
DA:99,0
DA:100,0
DA:102,0
DA:108,0
DA:109,0
DA:110,0
DA:112,0
DA:116,0
DA:117,0
DA:118,0
DA:119,0
DA:121,0
DA:126,0
DA:127,0
DA:128,0
DA:130,0
DA:134,0
DA:135,0
DA:136,0
DA:138,0
DA:139,0
DA:143,0
DA:144,0
DA:147,0
DA:151,0
DA:152,0
DA:154,0
DA:155,0
DA:159,0
DA:160,0
DA:161,0
DA:165,0
DA:166,0
DA:168,0
DA:169,0
DA:172,0
DA:173,0
DA:177,0
DA:179,0
DA:181,0
DA:183,0
LF:87
LH:0
BRDA:14,0,0,0
BRDA:14,0,1,0
BRDA:18,1,0,0
BRDA:18,1,1,0
BRDA:26,2,0,0
BRDA:26,2,1,0
BRDA:31,3,0,0
BRDA:31,3,1,0
BRDA:31,4,0,0
BRDA:31,4,1,0
BRDA:36,5,0,0
BRDA:36,5,1,0
BRDA:53,6,0,0
BRDA:53,6,1,0
BRDA:62,7,0,0
BRDA:62,7,1,0
BRDA:71,8,0,0
BRDA:71,8,1,0
BRDA:71,9,0,0
BRDA:71,9,1,0
BRDA:77,10,0,0
BRDA:77,10,1,0
BRDA:79,11,0,0
BRDA:79,11,1,0
BRDA:79,12,0,0
BRDA:79,12,1,0
BRDA:82,13,0,0
BRDA:82,13,1,0
BRDA:84,14,0,0
BRDA:84,14,1,0
BRDA:84,15,0,0
BRDA:84,15,1,0
BRDA:97,16,0,0
BRDA:97,16,1,0
BRDA:99,17,0,0
BRDA:99,17,1,0
BRDA:109,18,0,0
BRDA:109,18,1,0
BRDA:118,19,0,0
BRDA:118,19,1,0
BRDA:127,20,0,0
BRDA:127,20,1,0
BRDA:136,21,0,0
BRDA:136,21,1,0
BRDA:138,22,0,0
BRDA:138,22,1,0
BRDA:138,23,0,0
BRDA:138,23,1,0
BRDA:143,24,0,0
BRDA:143,24,1,0
BRDA:154,25,0,0
BRDA:154,25,1,0
BRDA:160,26,0,0
BRDA:160,26,1,0
BRDA:168,27,0,0
BRDA:168,27,1,0
BRDA:172,28,0,0
BRDA:172,28,1,0
BRF:58
BRH:0
end_of_record
TN:
SF:src/middleware/errorHandler.js
FN:5,(anonymous_0)
FN:57,(anonymous_1)
FNF:2
FNH:0
FNDA:0,(anonymous_0)
FNDA:0,(anonymous_1)
DA:5,0
DA:6,0
DA:7,0
DA:10,0
DA:11,0
DA:12,0
DA:13,0
DA:17,0
DA:18,0
DA:19,0
DA:20,0
DA:24,0
DA:25,0
DA:26,0
DA:30,0
DA:31,0
DA:32,0
DA:33,0
DA:34,0
DA:35,0
DA:39,0
DA:40,0
DA:44,0
DA:45,0
DA:49,0
DA:57,0
DA:58,0
LF:27
LH:0
BRDA:6,0,0,0
BRDA:6,0,1,0
BRDA:10,1,0,0
BRDA:10,1,1,0
BRDA:17,2,0,0
BRDA:17,2,1,0
BRDA:24,3,0,0
BRDA:24,3,1,0
BRDA:30,4,0,0
BRDA:30,4,1,0
BRDA:33,5,0,0
BRDA:33,5,1,0
BRDA:39,6,0,0
BRDA:39,6,1,0
BRDA:44,7,0,0
BRDA:44,7,1,0
BRDA:52,8,0,0
BRDA:52,8,1,0
BRF:18
BRH:0
end_of_record
TN:
SF:src/middleware/rateLimiter.js
FN:18,(anonymous_0)
FN:28,(anonymous_1)
FN:42,getClientId
FN:53,createRateLimiter
FN:60,(anonymous_4)
FN:64,(anonymous_5)
FN:132,incrementInMemory
FN:195,(anonymous_7)
FN:207,(anonymous_8)
FN:224,recordFailedLogin
FN:242,recordFailedLoginRedis
FN:290,recordFailedLoginMemory
FN:336,checkLoginLockout
FN:369,clearFailedLogins
FN:388,getFailedLoginStats
FN:411,getRateLimiterStats
FN:446,clearRateLimiterStore
FNF:17
FNH:11
FNDA:0,(anonymous_0)
FNDA:0,(anonymous_1)
FNDA:6,getClientId
FNDA:13,createRateLimiter
FNDA:8,(anonymous_4)
FNDA:11,(anonymous_5)
FNDA:8,incrementInMemory
FNDA:0,(anonymous_7)
FNDA:0,(anonymous_8)
FNDA:22,recordFailedLogin
FNDA:0,recordFailedLoginRedis
FNDA:22,recordFailedLoginMemory
FNDA:4,checkLoginLockout
FNDA:8,clearFailedLogins
FNDA:1,getFailedLoginStats
FNDA:0,getRateLimiterStats
FNDA:13,clearRateLimiterStore
DA:14,1
DA:15,1
DA:18,1
DA:19,0
DA:20,0
DA:21,0
DA:22,0
DA:28,1
DA:29,0
DA:30,0
DA:31,0
DA:32,0
DA:43,6
DA:44,6
DA:45,6
DA:60,8
DA:62,13
DA:64,13
DA:65,11
DA:66,3
DA:69,8
DA:70,8
DA:75,8
DA:76,0
DA:77,0
DA:78,0
DA:79,0
DA:80,0
DA:81,0
DA:84,0
DA:85,0
DA:86,0
DA:87,0
DA:91,0
DA:92,0
DA:93,0
DA:94,0
DA:98,8
DA:99,8
DA:100,8
DA:101,8
DA:104,8
DA:106,8
DA:107,7
DA:115,8
DA:116,1
DA:117,1
DA:125,7
DA:133,8
DA:134,8
DA:135,6
DA:141,8
DA:142,8
DA:144,8
DA:156,1
DA:163,1
DA:170,1
DA:177,1
DA:184,1
DA:191,1
DA:196,0
DA:197,0
DA:198,0
DA:199,0
DA:204,1
DA:208,0
DA:209,0
DA:217,1
DA:218,1
DA:219,1
DA:225,22
DA:226,22
DA:229,22
DA:230,0
DA:231,0
DA:232,0
DA:234,0
DA:239,22
DA:243,0
DA:244,0
DA:245,0
DA:246,0
DA:248,0
DA:249,0
DA:250,0
DA:257,0
DA:258,0
DA:259,0
DA:263,0
DA:264,0
DA:267,0
DA:273,0
DA:274,0
DA:282,0
DA:291,22
DA:293,22
DA:294,1
DA:302,21
DA:303,6
DA:311,21
DA:313,21
DA:314,3
DA:315,3
DA:316,3
DA:324,18
DA:325,18
DA:337,4
DA:338,4
DA:341,4
DA:342,0
DA:343,0
DA:344,0
DA:345,0
DA:350,0
DA:356,4
DA:357,4
DA:358,1
DA:363,3
DA:370,8
DA:373,8
DA:374,0
DA:375,0
DA:382,8
DA:389,1
DA:390,1
DA:391,1
DA:393,1
DA:394,0
DA:395,0
DA:396,0
DA:400,1
DA:412,0
DA:416,0
DA:418,0
DA:419,0
DA:420,0
DA:421,0
DA:425,0
DA:426,0
DA:427,0
DA:428,0
DA:430,0
DA:434,0
DA:447,13
LF:144
LH:74
BRDA:21,0,0,0
BRDA:21,0,1,0
BRDA:31,1,0,0
BRDA:31,1,1,0
BRDA:31,2,0,0
BRDA:31,2,1,0
BRDA:44,3,0,1
BRDA:44,3,1,5
BRDA:53,4,0,0
BRDA:55,5,0,0
BRDA:56,6,0,0
BRDA:57,7,0,5
BRDA:58,8,0,13
BRDA:59,9,0,10
BRDA:60,10,0,12
BRDA:61,11,0,12
BRDA:65,12,0,3
BRDA:65,12,1,8
BRDA:75,13,0,0
BRDA:75,13,1,8
BRDA:78,14,0,0
BRDA:78,14,1,0
BRDA:106,15,0,7
BRDA:106,15,1,1
BRDA:115,16,0,1
BRDA:115,16,1,7
BRDA:134,17,0,6
BRDA:134,17,1,2
BRDA:134,18,0,8
BRDA:134,18,1,2
BRDA:197,19,0,0
BRDA:197,19,1,0
BRDA:198,20,0,0
BRDA:198,20,1,0
BRDA:209,21,0,0
BRDA:209,21,1,0
BRDA:229,22,0,0
BRDA:229,22,1,22
BRDA:232,23,0,0
BRDA:232,23,1,0
BRDA:248,24,0,0
BRDA:248,24,1,0
BRDA:249,25,0,0
BRDA:249,25,1,0
BRDA:257,26,0,0
BRDA:257,26,1,0
BRDA:263,27,0,0
BRDA:263,27,1,0
BRDA:269,28,0,0
BRDA:269,28,1,0
BRDA:273,29,0,0
BRDA:273,29,1,0
BRDA:293,30,0,1
BRDA:293,30,1,21
BRDA:293,31,0,22
BRDA:293,31,1,16
BRDA:302,32,0,6
BRDA:302,32,1,15
BRDA:302,33,0,21
BRDA:302,33,1,15
BRDA:313,34,0,3
BRDA:313,34,1,18
BRDA:341,35,0,0
BRDA:341,35,1,4
BRDA:344,36,0,0
BRDA:344,36,1,0
BRDA:344,37,0,0
BRDA:344,37,1,0
BRDA:357,38,0,1
BRDA:357,38,1,3
BRDA:357,39,0,4
BRDA:357,39,1,2
BRDA:373,40,0,0
BRDA:373,40,1,8
BRDA:395,41,0,0
BRDA:395,41,1,0
BRDA:420,42,0,0
BRDA:420,42,1,0
BRDA:426,43,0,0
BRDA:426,43,1,0
BRF:80
BRH:35
end_of_record
TN:
SF:src/middleware/validation.js
FN:13,isValidObjectId
FN:23,isValidDateString
FN:37,isNotPastDate
FN:50,isValidEmail
FN:61,isValidPhone
FN:84,isValidCurrency
FN:94,sanitizeString
FN:105,parseInteger
FN:129,parsePositiveNumber
FN:146,(anonymous_9)
FN:147,(anonymous_10)
FN:148,(anonymous_11)
FN:149,(anonymous_12)
FN:150,(anonymous_13)
FN:151,(anonymous_14)
FN:152,(anonymous_15)
FN:153,(anonymous_16)
FN:154,(anonymous_17)
FN:155,(anonymous_18)
FN:156,(anonymous_19)
FN:164,validateBody
FN:165,(anonymous_21)
FN:261,validateQuery
FN:262,(anonymous_23)
FN:320,validateParams
FN:321,(anonymous_25)
FNF:26
FNH:0
FNDA:0,isValidObjectId
FNDA:0,isValidDateString
FNDA:0,isNotPastDate
FNDA:0,isValidEmail
FNDA:0,isValidPhone
FNDA:0,isValidCurrency
FNDA:0,sanitizeString
FNDA:0,parseInteger
FNDA:0,parsePositiveNumber
FNDA:0,(anonymous_9)
FNDA:0,(anonymous_10)
FNDA:0,(anonymous_11)
FNDA:0,(anonymous_12)
FNDA:0,(anonymous_13)
FNDA:0,(anonymous_14)
FNDA:0,(anonymous_15)
FNDA:0,(anonymous_16)
FNDA:0,(anonymous_17)
FNDA:0,(anonymous_18)
FNDA:0,(anonymous_19)
FNDA:0,validateBody
FNDA:0,(anonymous_21)
FNDA:0,validateQuery
FNDA:0,(anonymous_23)
FNDA:0,validateParams
FNDA:0,(anonymous_25)
DA:14,0
DA:15,0
DA:24,0
DA:25,0
DA:26,0
DA:28,0
DA:29,0
DA:38,0
DA:39,0
DA:40,0
DA:41,0
DA:42,0
DA:51,0
DA:52,0
DA:53,0
DA:62,0
DA:64,0
DA:65,0
DA:71,0
DA:85,0
DA:95,0
DA:96,0
DA:106,0
DA:108,0
DA:109,0
DA:112,0
DA:113,0
DA:114,0
DA:117,0
DA:118,0
DA:120,0
DA:130,0
DA:131,0
DA:134,0
DA:135,0
DA:136,0
DA:139,0
DA:145,0
DA:146,0
DA:147,0
DA:148,0
DA:149,0
DA:150,0
DA:151,0
DA:152,0
DA:153,0
DA:154,0
DA:155,0
DA:156,0
DA:165,0
DA:166,0
DA:168,0
DA:169,0
DA:172,0
DA:173,0
DA:177,0
DA:181,0
DA:182,0
DA:186,0
DA:187,0
DA:188,0
DA:192,0
DA:197,0
DA:198,0
DA:199,0
DA:204,0
DA:205,0
DA:213,0
DA:214,0
DA:215,0
DA:220,0
DA:221,0
DA:229,0
DA:230,0
DA:237,0
DA:238,0
DA:239,0
DA:240,0
DA:248,0
DA:249,0
DA:252,0
DA:262,0
DA:263,0
DA:265,0
DA:266,0
DA:269,0
DA:270,0
DA:274,0
DA:278,0
DA:279,0
DA:283,0
DA:284,0
DA:285,0
DA:286,0
DA:287,0
DA:291,0
DA:293,0
DA:294,0
DA:295,0
DA:299,0
DA:300,0
DA:307,0
DA:308,0
DA:311,0
DA:321,0
DA:322,0
DA:324,0
DA:325,0
DA:328,0
DA:329,0
DA:336,0
DA:337,0
DA:340,0
DA:347,0
LF:114
LH:0
BRDA:14,0,0,0
BRDA:14,0,1,0
BRDA:24,1,0,0
BRDA:24,1,1,0
BRDA:26,2,0,0
BRDA:26,2,1,0
BRDA:29,3,0,0
BRDA:29,3,1,0
BRDA:38,4,0,0
BRDA:38,4,1,0
BRDA:51,5,0,0
BRDA:51,5,1,0
BRDA:62,6,0,0
BRDA:62,6,1,0
BRDA:94,7,0,0
BRDA:95,8,0,0
BRDA:95,8,1,0
BRDA:105,9,0,0
BRDA:106,10,0,0
BRDA:106,11,0,0
BRDA:106,12,0,0
BRDA:108,13,0,0
BRDA:108,13,1,0
BRDA:108,14,0,0
BRDA:108,14,1,0
BRDA:108,14,2,0
BRDA:113,15,0,0
BRDA:113,15,1,0
BRDA:117,16,0,0
BRDA:117,16,1,0
BRDA:117,17,0,0
BRDA:117,17,1,0
BRDA:118,18,0,0
BRDA:118,18,1,0
BRDA:118,19,0,0
BRDA:118,19,1,0
BRDA:129,20,0,0
BRDA:130,21,0,0
BRDA:130,21,1,0
BRDA:130,22,0,0
BRDA:130,22,1,0
BRDA:130,22,2,0
BRDA:135,23,0,0
BRDA:135,23,1,0
BRDA:135,24,0,0
BRDA:135,24,1,0
BRDA:147,25,0,0
BRDA:147,25,1,0
BRDA:151,26,0,0
BRDA:151,26,1,0
BRDA:151,26,2,0
BRDA:172,27,0,0
BRDA:172,27,1,0
BRDA:172,28,0,0
BRDA:172,28,1,0
BRDA:172,28,2,0
BRDA:172,28,3,0
BRDA:175,29,0,0
BRDA:175,29,1,0
BRDA:181,30,0,0
BRDA:181,30,1,0
BRDA:181,31,0,0
BRDA:181,31,1,0
BRDA:186,32,0,0
BRDA:186,32,1,0
BRDA:186,33,0,0
BRDA:186,33,1,0
BRDA:187,34,0,0
BRDA:187,34,1,0
BRDA:197,35,0,0
BRDA:197,35,1,0
BRDA:198,36,0,0
BRDA:198,36,1,0
BRDA:198,37,0,0
BRDA:198,37,1,0
BRDA:204,38,0,0
BRDA:204,38,1,0
BRDA:204,39,0,0
BRDA:204,39,1,0
BRDA:213,40,0,0
BRDA:213,40,1,0
BRDA:214,41,0,0
BRDA:214,41,1,0
BRDA:214,42,0,0
BRDA:214,42,1,0
BRDA:220,43,0,0
BRDA:220,43,1,0
BRDA:220,44,0,0
BRDA:220,44,1,0
BRDA:229,45,0,0
BRDA:229,45,1,0
BRDA:229,46,0,0
BRDA:229,46,1,0
BRDA:237,47,0,0
BRDA:237,47,1,0
BRDA:237,48,0,0
BRDA:237,48,1,0
BRDA:239,49,0,0
BRDA:239,49,1,0
BRDA:242,50,0,0
BRDA:242,50,1,0
BRDA:248,51,0,0
BRDA:248,51,1,0
BRDA:269,52,0,0
BRDA:269,52,1,0
BRDA:269,53,0,0
BRDA:269,53,1,0
BRDA:269,53,2,0
BRDA:269,53,3,0
BRDA:272,54,0,0
BRDA:272,54,1,0
BRDA:278,55,0,0
BRDA:278,55,1,0
BRDA:278,56,0,0
BRDA:278,56,1,0
BRDA:283,57,0,0
BRDA:283,57,1,0
BRDA:283,58,0,0
BRDA:283,58,1,0
BRDA:286,59,0,0
BRDA:286,59,1,0
BRDA:293,60,0,0
BRDA:293,60,1,0
BRDA:294,61,0,0
BRDA:294,61,1,0
BRDA:299,62,0,0
BRDA:299,62,1,0
BRDA:299,63,0,0
BRDA:299,63,1,0
BRDA:307,64,0,0
BRDA:307,64,1,0
BRDA:328,65,0,0
BRDA:328,65,1,0
BRDA:328,66,0,0
BRDA:328,66,1,0
BRDA:336,67,0,0
BRDA:336,67,1,0
BRF:137
BRH:0
end_of_record
TN:
SF:src/middlewares/partnerContext.js
FN:8,(anonymous_0)
FNF:1
FNH:0
FNDA:0,(anonymous_0)
DA:8,0
DA:10,0
DA:12,0
DA:14,0
DA:15,0
DA:16,0
DA:22,0
DA:23,0
DA:28,0
DA:29,0
DA:35,0
LF:11
LH:0
BRDA:12,0,0,0
BRDA:12,0,1,0
BRDA:14,1,0,0
BRDA:14,1,1,0
BRDA:14,2,0,0
BRDA:14,2,1,0
BRDA:22,3,0,0
BRDA:22,3,1,0
BRDA:28,4,0,0
BRDA:28,4,1,0
BRDA:28,5,0,0
BRDA:28,5,1,0
BRF:12
BRH:0
end_of_record
TN:
SF:src/models/exchange.model.js
FN:15,(anonymous_0)
FN:123,(anonymous_1)
FN:142,(anonymous_2)
FN:150,(anonymous_3)
FN:177,(anonymous_4)
FN:217,(anonymous_5)
FN:235,(anonymous_6)
FN:239,(anonymous_7)
FN:246,(anonymous_8)
FN:256,(anonymous_9)
FN:257,(anonymous_10)
FN:275,(anonymous_11)
FN:279,(anonymous_12)
FN:288,(anonymous_13)
FN:305,(anonymous_14)
FNF:15
FNH:0
FNDA:0,(anonymous_0)
FNDA:0,(anonymous_1)
FNDA:0,(anonymous_2)
FNDA:0,(anonymous_3)
FNDA:0,(anonymous_4)
FNDA:0,(anonymous_5)
FNDA:0,(anonymous_6)
FNDA:0,(anonymous_7)
FNDA:0,(anonymous_8)
FNDA:0,(anonymous_9)
FNDA:0,(anonymous_10)
FNDA:0,(anonymous_11)
FNDA:0,(anonymous_12)
FNDA:0,(anonymous_13)
FNDA:0,(anonymous_14)
DA:11,0
DA:15,0
DA:19,0
DA:47,0
DA:80,0
DA:117,0
DA:118,0
DA:123,0
DA:124,0
DA:125,0
DA:132,0
DA:134,0
DA:135,0
DA:139,0
DA:141,0
DA:142,0
DA:150,0
DA:153,0
DA:162,0
DA:169,0
DA:170,0
DA:177,0
DA:178,0
DA:179,0
DA:182,0
DA:184,0
DA:185,0
DA:189,0
DA:192,0
DA:200,0
DA:202,0
DA:205,0
DA:206,0
DA:207,0
DA:210,0
DA:217,0
DA:218,0
DA:220,0
DA:222,0
DA:223,0
DA:225,0
DA:229,0
DA:235,0
DA:236,0
DA:237,0
DA:239,0
DA:240,0
DA:246,0
DA:247,0
DA:248,0
DA:251,0
DA:252,0
DA:253,0
DA:256,0
DA:257,0
DA:259,0
DA:260,0
DA:266,0
DA:267,0
DA:269,0
DA:275,0
DA:276,0
DA:277,0
DA:279,0
DA:280,0
DA:281,0
DA:288,0
DA:289,0
DA:291,0
DA:293,0
DA:304,0
DA:305,0
DA:308,0
DA:309,0
DA:311,0
DA:317,0
DA:318,0
DA:320,0
DA:323,0
LF:79
LH:0
BRDA:134,0,0,0
BRDA:134,0,1,0
BRDA:134,1,0,0
BRDA:134,1,1,0
BRDA:139,2,0,0
BRDA:139,2,1,0
BRDA:143,3,0,0
BRDA:143,3,1,0
BRDA:144,4,0,0
BRDA:144,4,1,0
BRDA:144,4,2,0
BRDA:145,5,0,0
BRDA:145,5,1,0
BRDA:146,6,0,0
BRDA:146,6,1,0
BRDA:147,7,0,0
BRDA:147,7,1,0
BRDA:148,8,0,0
BRDA:148,8,1,0
BRDA:150,9,0,0
BRDA:150,9,1,0
BRDA:163,10,0,0
BRDA:163,10,1,0
BRDA:164,11,0,0
BRDA:164,11,1,0
BRDA:184,12,0,0
BRDA:184,12,1,0
BRDA:206,13,0,0
BRDA:206,13,1,0
BRDA:220,14,0,0
BRDA:220,14,1,0
BRDA:237,15,0,0
BRDA:237,15,1,0
BRDA:237,16,0,0
BRDA:237,16,1,0
BRDA:240,17,0,0
BRDA:240,17,1,0
BRDA:247,18,0,0
BRDA:247,18,1,0
BRDA:252,19,0,0
BRDA:252,19,1,0
BRDA:252,20,0,0
BRDA:252,20,1,0
BRDA:259,21,0,0
BRDA:259,21,1,0
BRDA:259,22,0,0
BRDA:259,22,1,0
BRDA:277,23,0,0
BRDA:277,23,1,0
BRDA:277,24,0,0
BRDA:277,24,1,0
BRDA:291,25,0,0
BRDA:291,25,1,0
BRDA:308,26,0,0
BRDA:308,26,1,0
BRF:55
BRH:0
end_of_record
TN:
SF:src/modules/agency/agency.model.js
FN:299,(anonymous_0)
FN:319,(anonymous_1)
FN:325,(anonymous_2)
FN:329,(anonymous_3)
FN:334,(anonymous_4)
FN:339,(anonymous_5)
FN:345,(anonymous_6)
FN:349,(anonymous_7)
FN:359,(anonymous_8)
FN:363,(anonymous_9)
FN:376,(anonymous_10)
FN:381,(anonymous_11)
FN:395,(anonymous_12)
FN:400,(anonymous_13)
FN:413,(anonymous_14)
FN:417,(anonymous_15)
FN:424,(anonymous_16)
FN:432,(anonymous_17)
FNF:18
FNH:0
FNDA:0,(anonymous_0)
FNDA:0,(anonymous_1)
FNDA:0,(anonymous_2)
FNDA:0,(anonymous_3)
FNDA:0,(anonymous_4)
FNDA:0,(anonymous_5)
FNDA:0,(anonymous_6)
FNDA:0,(anonymous_7)
FNDA:0,(anonymous_8)
FNDA:0,(anonymous_9)
FNDA:0,(anonymous_10)
FNDA:0,(anonymous_11)
FNDA:0,(anonymous_12)
FNDA:0,(anonymous_13)
FNDA:0,(anonymous_14)
FNDA:0,(anonymous_15)
FNDA:0,(anonymous_16)
FNDA:0,(anonymous_17)
DA:9,0
DA:23,0
DA:292,0
DA:293,0
DA:294,0
DA:295,0
DA:296,0
DA:299,0
DA:301,0
DA:302,0
DA:306,0
DA:307,0
DA:311,0
DA:312,0
DA:315,0
DA:319,0
DA:320,0
DA:321,0
DA:325,0
DA:326,0
DA:329,0
DA:330,0
DA:331,0
DA:334,0
DA:335,0
DA:336,0
DA:339,0
DA:340,0
DA:341,0
DA:345,0
DA:346,0
DA:349,0
DA:350,0
DA:354,0
DA:355,0
DA:359,0
DA:363,0
DA:365,0
DA:369,0
DA:372,0
DA:376,0
DA:377,0
DA:381,0
DA:382,0
DA:383,0
DA:386,0
DA:387,0
DA:390,0
DA:391,0
DA:395,0
DA:396,0
DA:397,0
DA:400,0
DA:402,0
DA:403,0
DA:406,0
DA:407,0
DA:409,0
DA:413,0
DA:414,0
DA:417,0
DA:418,0
DA:424,0
DA:425,0
DA:432,0
DA:433,0
LF:66
LH:0
BRDA:301,0,0,0
BRDA:301,0,1,0
BRDA:306,1,0,0
BRDA:306,1,1,0
BRDA:306,2,0,0
BRDA:306,2,1,0
BRDA:311,3,0,0
BRDA:311,3,1,0
BRDA:311,4,0,0
BRDA:311,4,1,0
BRDA:320,5,0,0
BRDA:320,5,1,0
BRDA:349,6,0,0
BRDA:349,6,1,0
BRDA:354,7,0,0
BRDA:354,7,1,0
BRDA:354,8,0,0
BRDA:354,8,1,0
BRDA:365,9,0,0
BRDA:365,9,1,0
BRDA:366,10,0,0
BRDA:366,10,1,0
BRDA:377,11,0,0
BRDA:377,11,1,0
BRDA:382,12,0,0
BRDA:382,12,1,0
BRDA:386,13,0,0
BRDA:386,13,1,0
BRDA:402,14,0,0
BRDA:402,14,1,0
BRDA:406,15,0,0
BRDA:406,15,1,0
BRDA:407,16,0,0
BRDA:407,16,1,0
BRF:34
BRH:0
end_of_record
TN:
SF:src/modules/agency/agency.routes.js
FNF:0
FNH:0
DA:7,0
DA:11,0
DA:12,0
DA:13,0
DA:16,0
DA:17,0
DA:18,0
DA:19,0
DA:20,0
DA:23,0
DA:24,0
DA:25,0
DA:26,0
DA:29,0
DA:30,0
DA:31,0
DA:34,0
DA:35,0
DA:36,0
DA:37,0
LF:20
LH:0
BRF:0
BRH:0
end_of_record
TN:
SF:src/modules/agency/agency.service.js
FN:11,(anonymous_0)
FN:16,(anonymous_1)
FN:94,(anonymous_2)
FN:145,(anonymous_3)
FN:159,(anonymous_4)
FN:183,(anonymous_5)
FN:216,(anonymous_6)
FN:233,(anonymous_7)
FN:250,(anonymous_8)
FN:304,(anonymous_9)
FN:340,(anonymous_10)
FN:383,(anonymous_11)
FN:420,(anonymous_12)
FN:456,(anonymous_13)
FN:502,(anonymous_14)
FN:518,(anonymous_15)
FN:536,(anonymous_16)
FN:552,(anonymous_17)
FN:563,(anonymous_18)
FNF:19
FNH:0
FNDA:0,(anonymous_0)
FNDA:0,(anonymous_1)
FNDA:0,(anonymous_2)
FNDA:0,(anonymous_3)
FNDA:0,(anonymous_4)
FNDA:0,(anonymous_5)
FNDA:0,(anonymous_6)
FNDA:0,(anonymous_7)
FNDA:0,(anonymous_8)
FNDA:0,(anonymous_9)
FNDA:0,(anonymous_10)
FNDA:0,(anonymous_11)
FNDA:0,(anonymous_12)
FNDA:0,(anonymous_13)
FNDA:0,(anonymous_14)
FNDA:0,(anonymous_15)
FNDA:0,(anonymous_16)
FNDA:0,(anonymous_17)
FNDA:0,(anonymous_18)
DA:11,0
DA:12,0
DA:16,0
DA:17,0
DA:20,0
DA:21,0
DA:22,0
DA:24,0
DA:27,0
DA:28,0
DA:32,0
DA:33,0
DA:34,0
DA:36,0
DA:37,0
DA:40,0
DA:46,0
DA:47,0
DA:48,0
DA:59,0
DA:60,0
DA:70,0
DA:72,0
DA:76,0
DA:80,0
DA:94,0
DA:95,0
DA:98,0
DA:101,0
DA:102,0
DA:103,0
DA:105,0
DA:106,0
DA:108,0
DA:111,0
DA:112,0
DA:113,0
DA:122,0
DA:123,0
DA:124,0
DA:130,0
DA:145,0
DA:146,0
DA:148,0
DA:149,0
DA:152,0
DA:159,0
DA:160,0
DA:162,0
DA:163,0
DA:167,0
DA:168,0
DA:172,0
DA:173,0
DA:175,0
DA:183,0
DA:184,0
DA:186,0
DA:187,0
DA:191,0
DA:196,0
DA:197,0
DA:200,0
DA:202,0
DA:205,0
DA:209,0
DA:216,0
DA:217,0
DA:219,0
DA:220,0
DA:223,0
DA:225,0
DA:233,0
DA:234,0
DA:236,0
DA:237,0
DA:240,0
DA:242,0
DA:250,0
DA:251,0
DA:252,0
DA:255,0
DA:256,0
DA:257,0
DA:261,0
DA:265,0
DA:269,0
DA:274,0
DA:275,0
DA:276,0
DA:277,0
DA:284,0
DA:285,0
DA:286,0
DA:288,0
DA:304,0
DA:305,0
DA:308,0
DA:309,0
DA:310,0
DA:314,0
DA:318,0
DA:322,0
DA:329,0
DA:330,0
DA:332,0
DA:340,0
DA:341,0
DA:344,0
DA:345,0
DA:346,0
DA:350,0
DA:354,0
DA:358,0
DA:359,0
DA:360,0
DA:364,0
DA:365,0
DA:366,0
DA:369,0
DA:370,0
DA:372,0
DA:373,0
DA:375,0
DA:383,0
DA:384,0
DA:387,0
DA:388,0
DA:389,0
DA:393,0
DA:397,0
DA:401,0
DA:402,0
DA:403,0
DA:407,0
DA:408,0
DA:411,0
DA:413,0
DA:420,0
DA:421,0
DA:423,0
DA:424,0
DA:428,0
DA:432,0
DA:435,0
DA:436,0
DA:440,0
DA:443,0
DA:448,0
DA:456,0
DA:457,0
DA:459,0
DA:460,0
DA:464,0
DA:468,0
DA:471,0
DA:472,0
DA:475,0
DA:477,0
DA:481,0
DA:485,0
DA:492,0
DA:494,0
DA:502,0
DA:503,0
DA:505,0
DA:506,0
DA:510,0
DA:514,0
DA:517,0
DA:518,0
DA:520,0
DA:521,0
DA:525,0
DA:526,0
DA:528,0
DA:536,0
DA:537,0
DA:539,0
DA:540,0
DA:544,0
DA:548,0
DA:551,0
DA:552,0
DA:554,0
DA:555,0
DA:559,0
DA:563,0
DA:564,0
DA:566,0
DA:567,0
DA:571,0
DA:575,0
DA:578,0
DA:580,0
LF:195
LH:0
BRDA:20,0,0,0
BRDA:20,0,1,0
BRDA:22,1,0,0
BRDA:22,1,1,0
BRDA:27,2,0,0
BRDA:27,2,1,0
BRDA:33,3,0,0
BRDA:33,3,1,0
BRDA:36,4,0,0
BRDA:36,4,1,0
BRDA:47,5,0,0
BRDA:47,5,1,0
BRDA:51,6,0,0
BRDA:51,6,1,0
BRDA:66,7,0,0
BRDA:66,7,1,0
BRDA:95,8,0,0
BRDA:95,9,0,0
BRDA:101,10,0,0
BRDA:101,10,1,0
BRDA:103,11,0,0
BRDA:103,11,1,0
BRDA:106,12,0,0
BRDA:106,12,1,0
BRDA:111,13,0,0
BRDA:111,13,1,0
BRDA:112,14,0,0
BRDA:112,14,1,0
BRDA:148,15,0,0
BRDA:148,15,1,0
BRDA:162,16,0,0
BRDA:162,16,1,0
BRDA:167,17,0,0
BRDA:167,17,1,0
BRDA:167,18,0,0
BRDA:167,18,1,0
BRDA:186,19,0,0
BRDA:186,19,1,0
BRDA:196,20,0,0
BRDA:196,20,1,0
BRDA:219,21,0,0
BRDA:219,21,1,0
BRDA:236,22,0,0
BRDA:236,22,1,0
BRDA:251,23,0,0
BRDA:251,24,0,0
BRDA:256,25,0,0
BRDA:256,25,1,0
BRDA:261,26,0,0
BRDA:261,26,1,0
BRDA:262,27,0,0
BRDA:262,27,1,0
BRDA:274,28,0,0
BRDA:274,28,1,0
BRDA:275,29,0,0
BRDA:275,29,1,0
BRDA:276,30,0,0
BRDA:276,30,1,0
BRDA:309,31,0,0
BRDA:309,31,1,0
BRDA:314,32,0,0
BRDA:314,32,1,0
BRDA:315,33,0,0
BRDA:315,33,1,0
BRDA:345,34,0,0
BRDA:345,34,1,0
BRDA:350,35,0,0
BRDA:350,35,1,0
BRDA:351,36,0,0
BRDA:351,36,1,0
BRDA:359,37,0,0
BRDA:359,37,1,0
BRDA:359,38,0,0
BRDA:359,38,1,0
BRDA:359,38,2,0
BRDA:388,39,0,0
BRDA:388,39,1,0
BRDA:393,40,0,0
BRDA:393,40,1,0
BRDA:394,41,0,0
BRDA:394,41,1,0
BRDA:402,42,0,0
BRDA:402,42,1,0
BRDA:402,43,0,0
BRDA:402,43,1,0
BRDA:402,43,2,0
BRDA:407,44,0,0
BRDA:407,44,1,0
BRDA:423,45,0,0
BRDA:423,45,1,0
BRDA:428,46,0,0
BRDA:428,46,1,0
BRDA:429,47,0,0
BRDA:429,47,1,0
BRDA:435,48,0,0
BRDA:435,48,1,0
BRDA:459,49,0,0
BRDA:459,49,1,0
BRDA:464,50,0,0
BRDA:464,50,1,0
BRDA:465,51,0,0
BRDA:465,51,1,0
BRDA:471,52,0,0
BRDA:471,52,1,0
BRDA:477,53,0,0
BRDA:477,53,1,0
BRDA:478,54,0,0
BRDA:478,54,1,0
BRDA:505,55,0,0
BRDA:505,55,1,0
BRDA:510,56,0,0
BRDA:510,56,1,0
BRDA:511,57,0,0
BRDA:511,57,1,0
BRDA:520,58,0,0
BRDA:520,58,1,0
BRDA:539,59,0,0
BRDA:539,59,1,0
BRDA:544,60,0,0
BRDA:544,60,1,0
BRDA:545,61,0,0
BRDA:545,61,1,0
BRDA:554,62,0,0
BRDA:554,62,1,0
BRDA:566,63,0,0
BRDA:566,63,1,0
BRDA:571,64,0,0
BRDA:571,64,1,0
BRDA:572,65,0,0
BRDA:572,65,1,0
BRF:130
BRH:0
end_of_record
TN:
SF:src/modules/audit/audit.model.js
FN:139,(anonymous_0)
FN:147,(anonymous_1)
FN:155,(anonymous_2)
FN:162,(anonymous_3)
FN:201,(anonymous_4)
FNF:5
FNH:0
FNDA:0,(anonymous_0)
FNDA:0,(anonymous_1)
FNDA:0,(anonymous_2)
FNDA:0,(anonymous_3)
FNDA:0,(anonymous_4)
DA:4,0
DA:129,0
DA:130,0
DA:131,0
DA:132,0
DA:133,0
DA:139,0
DA:140,0
DA:141,0
DA:147,0
DA:148,0
DA:149,0
DA:155,0
DA:156,0
DA:162,0
DA:163,0
DA:166,0
DA:168,0
DA:169,0
DA:171,0
DA:172,0
DA:174,0
DA:177,0
DA:197,0
DA:201,0
DA:213,0
DA:214,0
DA:227,0
DA:228,0
LF:29
LH:0
BRDA:139,0,0,0
BRDA:143,1,0,0
BRDA:143,1,1,0
BRDA:144,2,0,0
BRDA:144,2,1,0
BRDA:147,3,0,0
BRDA:151,4,0,0
BRDA:151,4,1,0
BRDA:152,5,0,0
BRDA:152,5,1,0
BRDA:162,6,0,0
BRDA:166,7,0,0
BRDA:166,7,1,0
BRDA:166,7,2,0
BRDA:210,8,0,0
BRF:15
BRH:0
end_of_record
TN:
SF:src/modules/audit/audit.routes.js
FNF:0
FNH:0
DA:5,0
DA:8,0
DA:9,0
DA:12,0
DA:15,0
DA:18,0
DA:21,0
DA:24,0
DA:27,0
DA:30,0
DA:33,0
LF:11
LH:0
BRF:0
BRH:0
end_of_record
TN:
SF:src/modules/audit/audit.service.js
FN:8,(anonymous_0)
FN:84,(anonymous_1)
FN:100,(anonymous_2)
FN:139,(anonymous_3)
FN:175,(anonymous_4)
FN:211,(anonymous_5)
FN:258,(anonymous_6)
FN:299,(anonymous_7)
FN:339,(anonymous_8)
FNF:9
FNH:0
FNDA:0,(anonymous_0)
FNDA:0,(anonymous_1)
FNDA:0,(anonymous_2)
FNDA:0,(anonymous_3)
FNDA:0,(anonymous_4)
FNDA:0,(anonymous_5)
FNDA:0,(anonymous_6)
FNDA:0,(anonymous_7)
FNDA:0,(anonymous_8)
DA:8,0
DA:23,0
DA:26,0
DA:28,0
DA:29,0
DA:30,0
DA:31,0
DA:32,0
DA:33,0
DA:34,0
DA:35,0
DA:38,0
DA:39,0
DA:40,0
DA:41,0
DA:42,0
DA:43,0
DA:44,0
DA:49,0
DA:50,0
DA:58,0
DA:59,0
DA:61,0
DA:67,0
DA:84,0
DA:85,0
DA:87,0
DA:88,0
DA:91,0
DA:100,0
DA:101,0
DA:102,0
DA:104,0
DA:105,0
DA:108,0
DA:113,0
DA:114,0
DA:116,0
DA:122,0
DA:139,0
DA:140,0
DA:141,0
DA:143,0
DA:144,0
DA:147,0
DA:149,0
DA:150,0
DA:152,0
DA:158,0
DA:175,0
DA:176,0
DA:177,0
DA:179,0
DA:180,0
DA:183,0
DA:185,0
DA:186,0
DA:188,0
DA:194,0
DA:211,0
DA:212,0
DA:214,0
DA:217,0
DA:220,0
DA:222,0
DA:223,0
DA:225,0
DA:226,0
DA:228,0
DA:231,0
DA:238,0
DA:258,0
DA:259,0
DA:262,0
DA:263,0
DA:264,0
DA:266,0
DA:267,0
DA:268,0
DA:269,0
DA:270,0
DA:271,0
DA:272,0
DA:277,0
DA:279,0
DA:281,0
DA:299,0
DA:300,0
DA:319,0
DA:321,0
DA:322,0
DA:326,0
DA:329,0
DA:339,0
DA:340,0
DA:342,0
DA:349,0
LF:97
LH:0
BRDA:21,0,0,0
BRDA:22,1,0,0
BRDA:28,2,0,0
BRDA:28,2,1,0
BRDA:29,3,0,0
BRDA:29,3,1,0
BRDA:30,4,0,0
BRDA:30,4,1,0
BRDA:31,5,0,0
BRDA:31,5,1,0
BRDA:32,6,0,0
BRDA:32,6,1,0
BRDA:33,7,0,0
BRDA:33,7,1,0
BRDA:34,8,0,0
BRDA:34,8,1,0
BRDA:35,9,0,0
BRDA:35,9,1,0
BRDA:38,10,0,0
BRDA:38,10,1,0
BRDA:38,11,0,0
BRDA:38,11,1,0
BRDA:40,12,0,0
BRDA:40,12,1,0
BRDA:41,13,0,0
BRDA:41,13,1,0
BRDA:49,14,0,0
BRDA:49,14,1,0
BRDA:87,15,0,0
BRDA:87,15,1,0
BRDA:102,16,0,0
BRDA:102,17,0,0
BRDA:104,18,0,0
BRDA:104,18,1,0
BRDA:104,19,0,0
BRDA:104,19,1,0
BRDA:141,20,0,0
BRDA:141,21,0,0
BRDA:143,22,0,0
BRDA:143,22,1,0
BRDA:177,23,0,0
BRDA:177,24,0,0
BRDA:179,25,0,0
BRDA:179,25,1,0
BRDA:212,26,0,0
BRDA:220,27,0,0
BRDA:220,27,1,0
BRDA:220,27,2,0
BRDA:259,28,0,0
BRDA:263,29,0,0
BRDA:263,29,1,0
BRDA:264,30,0,0
BRDA:264,30,1,0
BRDA:266,31,0,0
BRDA:266,31,1,0
BRDA:266,32,0,0
BRDA:266,32,1,0
BRDA:268,33,0,0
BRDA:268,33,1,0
BRDA:269,34,0,0
BRDA:269,34,1,0
BRDA:279,35,0,0
BRDA:279,35,1,0
BRDA:301,36,0,0
BRDA:301,36,1,0
BRDA:302,37,0,0
BRDA:302,37,1,0
BRDA:303,38,0,0
BRDA:303,38,1,0
BRDA:304,39,0,0
BRDA:304,39,1,0
BRDA:305,40,0,0
BRDA:305,40,1,0
BRDA:306,41,0,0
BRDA:306,41,1,0
BRDA:307,42,0,0
BRDA:307,42,1,0
BRDA:308,43,0,0
BRDA:308,43,1,0
BRDA:309,44,0,0
BRDA:309,44,1,0
BRDA:310,45,0,0
BRDA:310,45,1,0
BRDA:311,46,0,0
BRDA:311,46,1,0
BRDA:312,47,0,0
BRDA:312,47,1,0
BRDA:313,48,0,0
BRDA:313,48,1,0
BRDA:314,49,0,0
BRDA:314,49,1,0
BRDA:315,50,0,0
BRDA:315,50,1,0
BRDA:340,51,0,0
BRF:94
BRH:0
end_of_record
TN:
SF:src/modules/auth/auth.routes.js
FNF:0
FNH:0
DA:6,0
DA:10,0
DA:11,0
DA:12,0
DA:15,0
DA:16,0
DA:19,0
DA:20,0
DA:21,0
DA:22,0
LF:10
LH:0
BRF:0
BRH:0
end_of_record
TN:
SF:src/modules/auth/auth.service.js
FN:19,(anonymous_0)
FN:39,(anonymous_1)
FN:252,(anonymous_2)
FN:290,(anonymous_3)
FN:301,(anonymous_4)
FN:339,(anonymous_5)
FN:380,(anonymous_6)
FN:409,(anonymous_7)
FN:464,(anonymous_8)
FN:532,(anonymous_9)
FNF:10
FNH:0
FNDA:0,(anonymous_0)
FNDA:0,(anonymous_1)
FNDA:0,(anonymous_2)
FNDA:0,(anonymous_3)
FNDA:0,(anonymous_4)
FNDA:0,(anonymous_5)
FNDA:0,(anonymous_6)
FNDA:0,(anonymous_7)
FNDA:0,(anonymous_8)
FNDA:0,(anonymous_9)
DA:19,0
DA:20,0
DA:27,0
DA:31,0
DA:35,0
DA:39,0
DA:40,0
DA:43,0
DA:44,0
DA:47,0
DA:48,0
DA:52,0
DA:53,0
DA:54,0
DA:55,0
DA:66,0
DA:67,0
DA:72,0
DA:74,0
DA:75,0
DA:77,0
DA:78,0
DA:88,0
DA:96,0
DA:97,0
DA:101,0
DA:102,0
DA:103,0
DA:110,0
DA:111,0
DA:112,0
DA:117,0
DA:120,0
DA:123,0
DA:125,0
DA:127,0
DA:147,0
DA:149,0
DA:150,0
DA:154,0
DA:160,0
DA:162,0
DA:163,0
DA:165,0
DA:166,0
DA:176,0
DA:184,0
DA:185,0
DA:190,0
DA:191,0
DA:192,0
DA:193,0
DA:196,0
DA:197,0
DA:201,0
DA:202,0
DA:203,0
DA:210,0
DA:211,0
DA:212,0
DA:217,0
DA:220,0
DA:223,0
DA:225,0
DA:227,0
DA:252,0
DA:253,0
DA:255,0
DA:256,0
DA:259,0
DA:260,0
DA:262,0
DA:263,0
DA:264,0
DA:269,0
DA:270,0
DA:271,0
DA:272,0
DA:274,0
DA:278,0
DA:280,0
DA:285,0
DA:290,0
DA:292,0
DA:294,0
DA:301,0
DA:302,0
DA:306,0
DA:307,0
DA:308,0
DA:309,0
DA:312,0
DA:339,0
DA:340,0
DA:342,0
DA:343,0
DA:346,0
DA:349,0
DA:350,0
DA:355,0
DA:356,0
DA:361,0
DA:362,0
DA:368,0
DA:370,0
DA:380,0
DA:381,0
DA:383,0
DA:384,0
DA:387,0
DA:388,0
DA:391,0
DA:393,0
DA:394,0
DA:395,0
DA:398,0
DA:399,0
DA:400,0
DA:402,0
DA:409,0
DA:410,0
DA:413,0
DA:414,0
DA:418,0
DA:419,0
DA:420,0
DA:423,0
DA:424,0
DA:425,0
DA:429,0
DA:438,0
DA:449,0
DA:464,0
DA:465,0
DA:467,0
DA:468,0
DA:472,0
DA:473,0
DA:474,0
DA:478,0
DA:481,0
DA:482,0
DA:483,0
DA:490,0
DA:491,0
DA:492,0
DA:499,0
DA:500,0
DA:503,0
DA:504,0
DA:506,0
DA:508,0
DA:515,0
DA:517,0
DA:523,0
DA:524,0
DA:526,0
DA:527,0
DA:532,0
DA:533,0
DA:535,0
DA:536,0
DA:540,0
DA:541,0
DA:545,0
DA:548,0
DA:553,0
DA:554,0
DA:558,0
DA:559,0
DA:560,0
DA:561,0
DA:563,0
DA:565,0
LF:174
LH:0
BRDA:43,0,0,0
BRDA:43,0,1,0
BRDA:43,1,0,0
BRDA:43,1,1,0
BRDA:47,2,0,0
BRDA:47,2,1,0
BRDA:53,3,0,0
BRDA:53,3,1,0
BRDA:58,4,0,0
BRDA:58,4,1,0
BRDA:66,5,0,0
BRDA:66,5,1,0
BRDA:72,6,0,0
BRDA:72,6,1,0
BRDA:72,7,0,0
BRDA:72,7,1,0
BRDA:77,8,0,0
BRDA:77,8,1,0
BRDA:81,9,0,0
BRDA:81,9,1,0
BRDA:91,10,0,0
BRDA:91,10,1,0
BRDA:96,11,0,0
BRDA:96,11,1,0
BRDA:101,12,0,0
BRDA:101,12,1,0
BRDA:102,13,0,0
BRDA:102,13,1,0
BRDA:111,14,0,0
BRDA:111,14,1,0
BRDA:140,15,0,0
BRDA:140,15,1,0
BRDA:149,16,0,0
BRDA:149,16,1,0
BRDA:160,17,0,0
BRDA:160,17,1,0
BRDA:160,18,0,0
BRDA:160,18,1,0
BRDA:165,19,0,0
BRDA:165,19,1,0
BRDA:169,20,0,0
BRDA:169,20,1,0
BRDA:179,21,0,0
BRDA:179,21,1,0
BRDA:184,22,0,0
BRDA:184,22,1,0
BRDA:190,23,0,0
BRDA:190,23,1,0
BRDA:192,24,0,0
BRDA:192,24,1,0
BRDA:196,25,0,0
BRDA:196,25,1,0
BRDA:196,26,0,0
BRDA:196,26,1,0
BRDA:201,27,0,0
BRDA:201,27,1,0
BRDA:202,28,0,0
BRDA:202,28,1,0
BRDA:211,29,0,0
BRDA:211,29,1,0
BRDA:241,30,0,0
BRDA:241,30,1,0
BRDA:246,31,0,0
BRDA:246,31,1,0
BRDA:255,32,0,0
BRDA:255,32,1,0
BRDA:263,33,0,0
BRDA:263,33,1,0
BRDA:263,34,0,0
BRDA:263,34,1,0
BRDA:269,35,0,0
BRDA:269,35,1,0
BRDA:271,36,0,0
BRDA:271,36,1,0
BRDA:306,37,0,0
BRDA:306,37,1,0
BRDA:308,38,0,0
BRDA:308,38,1,0
BRDA:327,39,0,0
BRDA:327,39,1,0
BRDA:330,40,0,0
BRDA:330,40,1,0
BRDA:342,41,0,0
BRDA:342,41,1,0
BRDA:349,42,0,0
BRDA:349,42,1,0
BRDA:355,43,0,0
BRDA:355,43,1,0
BRDA:361,44,0,0
BRDA:361,44,1,0
BRDA:383,45,0,0
BRDA:383,45,1,0
BRDA:383,46,0,0
BRDA:383,46,1,0
BRDA:387,47,0,0
BRDA:387,47,1,0
BRDA:394,48,0,0
BRDA:394,48,1,0
BRDA:413,49,0,0
BRDA:413,49,1,0
BRDA:413,50,0,0
BRDA:413,50,1,0
BRDA:413,50,2,0
BRDA:413,50,3,0
BRDA:413,50,4,0
BRDA:419,51,0,0
BRDA:419,51,1,0
BRDA:424,52,0,0
BRDA:424,52,1,0
BRDA:467,53,0,0
BRDA:467,53,1,0
BRDA:473,54,0,0
BRDA:473,54,1,0
BRDA:481,55,0,0
BRDA:481,55,1,0
BRDA:485,56,0,0
BRDA:485,56,1,0
BRDA:490,57,0,0
BRDA:490,57,1,0
BRDA:494,58,0,0
BRDA:494,58,1,0
BRDA:503,59,0,0
BRDA:503,59,1,0
BRDA:512,60,0,0
BRDA:512,60,1,0
BRDA:519,61,0,0
BRDA:519,61,1,0
BRDA:535,62,0,0
BRDA:535,62,1,0
BRDA:535,63,0,0
BRDA:535,63,1,0
BRDA:540,64,0,0
BRDA:540,64,1,0
BRDA:553,65,0,0
BRDA:553,65,1,0
BRDA:567,66,0,0
BRDA:567,66,1,0
BRF:137
BRH:0
end_of_record
TN:
SF:src/modules/booking/booking.model.js
FN:31,(anonymous_0)
FN:33,(anonymous_1)
FN:89,(anonymous_2)
FN:622,(anonymous_3)
FN:650,(anonymous_4)
FN:656,(anonymous_5)
FN:663,(anonymous_6)
FN:671,(anonymous_7)
FN:708,(anonymous_8)
FN:712,(anonymous_9)
FN:717,(anonymous_10)
FN:722,(anonymous_11)
FN:738,(anonymous_12)
FNF:13
FNH:0
FNDA:0,(anonymous_0)
FNDA:0,(anonymous_1)
FNDA:0,(anonymous_2)
FNDA:0,(anonymous_3)
FNDA:0,(anonymous_4)
FNDA:0,(anonymous_5)
FNDA:0,(anonymous_6)
FNDA:0,(anonymous_7)
FNDA:0,(anonymous_8)
FNDA:0,(anonymous_9)
FNDA:0,(anonymous_10)
FNDA:0,(anonymous_11)
FNDA:0,(anonymous_12)
DA:8,0
DA:31,0
DA:32,0
DA:33,0
DA:34,0
DA:36,0
DA:40,0
DA:73,0
DA:84,0
DA:89,0
DA:148,0
DA:229,0
DA:604,0
DA:605,0
DA:606,0
DA:607,0
DA:608,0
DA:609,0
DA:610,0
DA:611,0
DA:613,0
DA:614,0
DA:615,0
DA:622,0
DA:623,0
DA:624,0
DA:627,0
DA:631,0
DA:632,0
DA:633,0
DA:634,0
DA:635,0
DA:636,0
DA:637,0
DA:642,0
DA:650,0
DA:652,0
DA:656,0
DA:657,0
DA:658,0
DA:659,0
DA:663,0
DA:664,0
DA:665,0
DA:667,0
DA:671,0
DA:673,0
DA:674,0
DA:678,0
DA:679,0
DA:683,0
DA:684,0
DA:685,0
DA:686,0
DA:690,0
DA:691,0
DA:695,0
DA:696,0
DA:698,0
DA:702,0
DA:703,0
DA:708,0
DA:709,0
DA:712,0
DA:713,0
DA:717,0
DA:718,0
DA:722,0
DA:723,0
DA:725,0
DA:726,0
DA:727,0
DA:728,0
DA:730,0
DA:731,0
DA:734,0
DA:738,0
DA:739,0
DA:740,0
DA:741,0
DA:743,0
LF:81
LH:0
BRDA:622,0,0,0
BRDA:623,1,0,0
BRDA:623,1,1,0
BRDA:632,2,0,0
BRDA:632,2,1,0
BRDA:634,3,0,0
BRDA:634,3,1,0
BRDA:636,4,0,0
BRDA:636,4,1,0
BRDA:664,5,0,0
BRDA:664,5,1,0
BRDA:673,6,0,0
BRDA:673,6,1,0
BRDA:673,7,0,0
BRDA:673,7,1,0
BRDA:678,8,0,0
BRDA:678,8,1,0
BRDA:678,9,0,0
BRDA:678,9,1,0
BRDA:679,10,0,0
BRDA:679,10,1,0
BRDA:683,11,0,0
BRDA:683,11,1,0
BRDA:683,12,0,0
BRDA:683,12,1,0
BRDA:683,12,2,0
BRDA:690,13,0,0
BRDA:690,13,1,0
BRDA:690,14,0,0
BRDA:690,14,1,0
BRDA:695,15,0,0
BRDA:695,15,1,0
BRDA:695,16,0,0
BRDA:695,16,1,0
BRDA:695,16,2,0
BRDA:702,17,0,0
BRDA:702,17,1,0
BRDA:702,18,0,0
BRDA:702,18,1,0
BRDA:702,18,2,0
BRDA:722,19,0,0
BRDA:725,20,0,0
BRDA:725,20,1,0
BRDA:726,21,0,0
BRDA:726,21,1,0
BRDA:727,22,0,0
BRDA:727,22,1,0
BRDA:730,23,0,0
BRDA:730,23,1,0
BRDA:738,24,0,0
BRF:50
BRH:0
end_of_record
TN:
SF:src/modules/booking/booking.routes.js
FNF:0
FNH:0
DA:12,0
DA:15,0
DA:16,0
DA:17,0
DA:22,0
DA:25,0
DA:28,0
DA:31,0
DA:36,0
DA:39,0
DA:42,0
DA:47,0
DA:50,0
DA:53,0
DA:56,0
DA:59,0
DA:62,0
DA:67,0
DA:70,0
DA:73,0
DA:76,0
DA:79,0
DA:82,0
DA:87,0
DA:90,0
DA:93,0
DA:96,0
DA:100,0
LF:28
LH:0
BRF:0
BRH:0
end_of_record
TN:
SF:src/modules/booking/booking.service.js
FN:31,(anonymous_0)
FN:48,(anonymous_1)
FN:70,(anonymous_2)
FN:89,(anonymous_3)
FN:91,(anonymous_4)
FN:91,(anonymous_5)
FN:95,(anonymous_6)
FN:130,(anonymous_7)
FN:174,(anonymous_8)
FN:243,(anonymous_9)
FN:259,(anonymous_10)
FN:268,(anonymous_11)
FN:279,(anonymous_12)
FN:301,(anonymous_13)
FN:304,(anonymous_14)
FN:339,(anonymous_15)
FN:371,(anonymous_16)
FN:405,(anonymous_17)
FN:439,(anonymous_18)
FN:442,(anonymous_19)
FN:497,(anonymous_20)
FN:670,(anonymous_21)
FN:711,(anonymous_22)
FN:729,(anonymous_23)
FN:755,(anonymous_24)
FN:883,(anonymous_25)
FN:907,(anonymous_26)
FN:979,(anonymous_27)
FN:1060,(anonymous_28)
FN:1108,(anonymous_29)
FN:1182,(anonymous_30)
FN:1248,(anonymous_31)
FN:1282,(anonymous_32)
FN:1320,(anonymous_33)
FN:1434,(anonymous_34)
FN:1470,(anonymous_35)
FN:1471,(anonymous_36)
FN:1494,(anonymous_37)
FN:1559,(anonymous_38)
FN:1620,(anonymous_39)
FN:1692,(anonymous_40)
FN:1730,(anonymous_41)
FN:1770,(anonymous_42)
FN:1821,(anonymous_43)
FN:1867,(anonymous_44)
FN:1933,(anonymous_45)
FN:1968,(anonymous_46)
FN:2029,(anonymous_47)
FN:2059,(anonymous_48)
FN:2118,(anonymous_49)
FN:2141,(anonymous_50)
FN:2164,(anonymous_51)
FN:2203,(anonymous_52)
FN:2243,(anonymous_53)
FN:2272,(anonymous_54)
FN:2310,(anonymous_55)
FN:2339,(anonymous_56)
FN:2344,(anonymous_57)
FN:2345,(anonymous_58)
FN:2349,(anonymous_59)
FN:2361,(anonymous_60)
FN:2366,(anonymous_61)
FN:2373,(anonymous_62)
FN:2388,(anonymous_63)
FN:2430,(anonymous_64)
FN:2436,(anonymous_65)
FN:2460,(anonymous_66)
FN:2538,(anonymous_67)
FN:2543,(anonymous_68)
FN:2571,(anonymous_69)
FN:2582,(anonymous_70)
FN:2583,(anonymous_71)
FN:2584,(anonymous_72)
FN:2585,(anonymous_73)
FN:2586,(anonymous_74)
FN:2601,(anonymous_75)
FN:2703,(anonymous_76)
FN:2867,(anonymous_77)
FN:2872,(anonymous_78)
FN:2875,(anonymous_79)
FN:2876,(anonymous_80)
FN:2876,(anonymous_81)
FN:2917,(anonymous_82)
FN:3085,(anonymous_83)
FN:3157,(anonymous_84)
FN:3271,(anonymous_85)
FN:3317,(anonymous_86)
FN:3413,(anonymous_87)
FN:3435,(anonymous_88)
FN:3443,(anonymous_89)
FNF:90
FNH:0
FNDA:0,(anonymous_0)
FNDA:0,(anonymous_1)
FNDA:0,(anonymous_2)
FNDA:0,(anonymous_3)
FNDA:0,(anonymous_4)
FNDA:0,(anonymous_5)
FNDA:0,(anonymous_6)
FNDA:0,(anonymous_7)
FNDA:0,(anonymous_8)
FNDA:0,(anonymous_9)
FNDA:0,(anonymous_10)
FNDA:0,(anonymous_11)
FNDA:0,(anonymous_12)
FNDA:0,(anonymous_13)
FNDA:0,(anonymous_14)
FNDA:0,(anonymous_15)
FNDA:0,(anonymous_16)
FNDA:0,(anonymous_17)
FNDA:0,(anonymous_18)
FNDA:0,(anonymous_19)
FNDA:0,(anonymous_20)
FNDA:0,(anonymous_21)
FNDA:0,(anonymous_22)
FNDA:0,(anonymous_23)
FNDA:0,(anonymous_24)
FNDA:0,(anonymous_25)
FNDA:0,(anonymous_26)
FNDA:0,(anonymous_27)
FNDA:0,(anonymous_28)
FNDA:0,(anonymous_29)
FNDA:0,(anonymous_30)
FNDA:0,(anonymous_31)
FNDA:0,(anonymous_32)
FNDA:0,(anonymous_33)
FNDA:0,(anonymous_34)
FNDA:0,(anonymous_35)
FNDA:0,(anonymous_36)
FNDA:0,(anonymous_37)
FNDA:0,(anonymous_38)
FNDA:0,(anonymous_39)
FNDA:0,(anonymous_40)
FNDA:0,(anonymous_41)
FNDA:0,(anonymous_42)
FNDA:0,(anonymous_43)
FNDA:0,(anonymous_44)
FNDA:0,(anonymous_45)
FNDA:0,(anonymous_46)
FNDA:0,(anonymous_47)
FNDA:0,(anonymous_48)
FNDA:0,(anonymous_49)
FNDA:0,(anonymous_50)
FNDA:0,(anonymous_51)
FNDA:0,(anonymous_52)
FNDA:0,(anonymous_53)
FNDA:0,(anonymous_54)
FNDA:0,(anonymous_55)
FNDA:0,(anonymous_56)
FNDA:0,(anonymous_57)
FNDA:0,(anonymous_58)
FNDA:0,(anonymous_59)
FNDA:0,(anonymous_60)
FNDA:0,(anonymous_61)
FNDA:0,(anonymous_62)
FNDA:0,(anonymous_63)
FNDA:0,(anonymous_64)
FNDA:0,(anonymous_65)
FNDA:0,(anonymous_66)
FNDA:0,(anonymous_67)
FNDA:0,(anonymous_68)
FNDA:0,(anonymous_69)
FNDA:0,(anonymous_70)
FNDA:0,(anonymous_71)
FNDA:0,(anonymous_72)
FNDA:0,(anonymous_73)
FNDA:0,(anonymous_74)
FNDA:0,(anonymous_75)
FNDA:0,(anonymous_76)
FNDA:0,(anonymous_77)
FNDA:0,(anonymous_78)
FNDA:0,(anonymous_79)
FNDA:0,(anonymous_80)
FNDA:0,(anonymous_81)
FNDA:0,(anonymous_82)
FNDA:0,(anonymous_83)
FNDA:0,(anonymous_84)
FNDA:0,(anonymous_85)
FNDA:0,(anonymous_86)
FNDA:0,(anonymous_87)
FNDA:0,(anonymous_88)
FNDA:0,(anonymous_89)
DA:31,0
DA:33,0
DA:34,0
DA:37,0
DA:38,0
DA:41,0
DA:42,0
DA:44,0
DA:48,0
DA:49,0
DA:55,0
DA:56,0
DA:57,0
DA:58,0
DA:59,0
DA:60,0
DA:61,0
DA:62,0
DA:63,0
DA:66,0
DA:70,0
DA:71,0
DA:72,0
DA:81,0
DA:82,0
DA:83,0
DA:84,0
DA:85,0
DA:89,0
DA:90,0
DA:91,0
DA:95,0
DA:96,0
DA:97,0
DA:98,0
DA:100,0
DA:101,0
DA:102,0
DA:105,0
DA:117,0
DA:118,0
DA:119,0
DA:122,0
DA:123,0
DA:125,0
DA:130,0
DA:131,0
DA:132,0
DA:133,0
DA:135,0
DA:136,0
DA:137,0
DA:141,0
DA:142,0
DA:143,0
DA:147,0
DA:148,0
DA:149,0
DA:150,0
DA:154,0
DA:157,0
DA:158,0
DA:173,0
DA:174,0
DA:176,0
DA:180,0
DA:182,0
DA:193,0
DA:194,0
DA:195,0
DA:198,0
DA:199,0
DA:202,0
DA:231,0
DA:233,0
DA:243,0
DA:244,0
DA:245,0
DA:246,0
DA:249,0
DA:257,0
DA:259,0
DA:268,0
DA:279,0
DA:280,0
DA:281,0
DA:282,0
DA:286,0
DA:298,0
DA:299,0
DA:301,0
DA:303,0
DA:304,0
DA:305,0
DA:306,0
DA:307,0
DA:309,0
DA:322,0
DA:323,0
DA:324,0
DA:325,0
DA:327,0
DA:336,0
DA:341,0
DA:342,0
DA:371,0
DA:372,0
DA:373,0
DA:374,0
DA:377,0
DA:379,0
DA:380,0
DA:386,0
DA:388,0
DA:390,0
DA:402,0
DA:406,0
DA:407,0
DA:427,0
DA:436,0
DA:437,0
DA:439,0
DA:441,0
DA:442,0
DA:443,0
DA:444,0
DA:445,0
DA:446,0
DA:447,0
DA:448,0
DA:450,0
DA:464,0
DA:465,0
DA:466,0
DA:467,0
DA:468,0
DA:470,0
DA:480,0
DA:497,0
DA:498,0
DA:500,0
DA:501,0
DA:513,0
DA:516,0
DA:517,0
DA:520,0
DA:521,0
DA:522,0
DA:523,0
DA:525,0
DA:526,0
DA:529,0
DA:530,0
DA:533,0
DA:534,0
DA:535,0
DA:539,0
DA:545,0
DA:546,0
DA:549,0
DA:550,0
DA:554,0
DA:560,0
DA:561,0
DA:571,0
DA:572,0
DA:574,0
DA:575,0
DA:577,0
DA:579,0
DA:580,0
DA:581,0
DA:588,0
DA:589,0
DA:596,0
DA:597,0
DA:603,0
DA:604,0
DA:605,0
DA:606,0
DA:609,0
DA:610,0
DA:613,0
DA:620,0
DA:622,0
DA:623,0
DA:624,0
DA:625,0
DA:629,0
DA:636,0
DA:638,0
DA:639,0
DA:640,0
DA:641,0
DA:644,0
DA:645,0
DA:646,0
DA:647,0
DA:650,0
DA:652,0
DA:653,0
DA:654,0
DA:656,0
DA:657,0
DA:660,0
DA:661,0
DA:662,0
DA:670,0
DA:674,0
DA:675,0
DA:676,0
DA:678,0
DA:679,0
DA:682,0
DA:689,0
DA:698,0
DA:699,0
DA:700,0
DA:702,0
DA:703,0
DA:711,0
DA:719,0
DA:720,0
DA:723,0
DA:724,0
DA:729,0
DA:731,0
DA:755,0
DA:756,0
DA:757,0
DA:758,0
DA:761,0
DA:764,0
DA:765,0
DA:768,0
DA:769,0
DA:770,0
DA:771,0
DA:773,0
DA:774,0
DA:777,0
DA:778,0
DA:781,0
DA:782,0
DA:783,0
DA:787,0
DA:795,0
DA:796,0
DA:800,0
DA:801,0
DA:802,0
DA:809,0
DA:810,0
DA:817,0
DA:818,0
DA:825,0
DA:826,0
DA:832,0
DA:833,0
DA:837,0
DA:842,0
DA:845,0
DA:846,0
DA:860,0
DA:861,0
DA:862,0
DA:863,0
DA:865,0
DA:866,0
DA:867,0
DA:868,0
DA:869,0
DA:873,0
DA:874,0
DA:875,0
DA:883,0
DA:888,0
DA:907,0
DA:924,0
DA:925,0
DA:928,0
DA:940,0
DA:945,0
DA:949,0
DA:979,0
DA:980,0
DA:981,0
DA:982,0
DA:994,0
DA:997,0
DA:998,0
DA:1002,0
DA:1007,0
DA:1008,0
DA:1012,0
DA:1017,0
DA:1018,0
DA:1022,0
DA:1027,0
DA:1028,0
DA:1033,0
DA:1034,0
DA:1040,0
DA:1041,0
DA:1047,0
DA:1048,0
DA:1052,0
DA:1060,0
DA:1064,0
DA:1108,0
DA:1109,0
DA:1110,0
DA:1111,0
DA:1123,0
DA:1126,0
DA:1128,0
DA:1129,0
DA:1131,0
DA:1132,0
DA:1134,0
DA:1135,0
DA:1136,0
DA:1137,0
DA:1139,0
DA:1140,0
DA:1150,0
DA:1151,0
DA:1155,0
DA:1156,0
DA:1157,0
DA:1160,0
DA:1161,0
DA:1162,0
DA:1163,0
DA:1164,0
DA:1166,0
DA:1182,0
DA:1248,0
DA:1266,0
DA:1282,0
DA:1283,0
DA:1284,0
DA:1285,0
DA:1288,0
DA:1290,0
DA:1299,0
DA:1300,0
DA:1304,0
DA:1305,0
DA:1306,0
DA:1310,0
DA:1320,0
DA:1321,0
DA:1322,0
DA:1323,0
DA:1327,0
DA:1330,0
DA:1338,0
DA:1339,0
DA:1343,0
DA:1344,0
DA:1345,0
DA:1346,0
DA:1348,0
DA:1349,0
DA:1352,0
DA:1353,0
DA:1356,0
DA:1357,0
DA:1358,0
DA:1362,0
DA:1363,0
DA:1367,0
DA:1368,0
DA:1373,0
DA:1374,0
DA:1380,0
DA:1381,0
DA:1387,0
DA:1388,0
DA:1392,0
DA:1393,0
DA:1394,0
DA:1395,0
DA:1396,0
DA:1397,0
DA:1399,0
DA:1401,0
DA:1407,0
DA:1408,0
DA:1412,0
DA:1418,0
DA:1419,0
DA:1422,0
DA:1423,0
DA:1426,0
DA:1434,0
DA:1438,0
DA:1439,0
DA:1440,0
DA:1446,0
DA:1466,0
DA:1469,0
DA:1470,0
DA:1471,0
DA:1472,0
DA:1473,0
DA:1477,0
DA:1478,0
DA:1479,0
DA:1482,0
DA:1483,0
DA:1484,0
DA:1488,0
DA:1491,0
DA:1492,0
DA:1493,0
DA:1494,0
DA:1495,0
DA:1498,0
DA:1499,0
DA:1501,0
DA:1502,0
DA:1511,0
DA:1555,0
DA:1558,0
DA:1559,0
DA:1560,0
DA:1561,0
DA:1570,0
DA:1575,0
DA:1578,0
DA:1589,0
DA:1620,0
DA:1621,0
DA:1622,0
DA:1623,0
DA:1626,0
DA:1627,0
DA:1629,0
DA:1630,0
DA:1633,0
DA:1638,0
DA:1639,0
DA:1642,0
DA:1645,0
DA:1654,0
DA:1655,0
DA:1658,0
DA:1659,0
DA:1660,0
DA:1673,0
DA:1674,0
DA:1677,0
DA:1692,0
DA:1693,0
DA:1694,0
DA:1695,0
DA:1698,0
DA:1699,0
DA:1701,0
DA:1706,0
DA:1707,0
DA:1711,0
DA:1712,0
DA:1713,0
DA:1717,0
DA:1718,0
DA:1719,0
DA:1721,0
DA:1722,0
DA:1726,0
DA:1727,0
DA:1729,0
DA:1730,0
DA:1732,0
DA:1733,0
DA:1734,0
DA:1735,0
DA:1740,0
DA:1743,0
DA:1744,0
DA:1757,0
DA:1766,0
DA:1769,0
DA:1770,0
DA:1771,0
DA:1772,0
DA:1781,0
DA:1786,0
DA:1787,0
DA:1788,0
DA:1800,0
DA:1821,0
DA:1822,0
DA:1823,0
DA:1824,0
DA:1827,0
DA:1828,0
DA:1830,0
DA:1831,0
DA:1834,0
DA:1839,0
DA:1840,0
DA:1843,0
DA:1850,0
DA:1852,0
DA:1867,0
DA:1868,0
DA:1869,0
DA:1870,0
DA:1873,0
DA:1876,0
DA:1877,0
DA:1878,0
DA:1879,0
DA:1880,0
DA:1881,0
DA:1884,0
DA:1888,0
DA:1889,0
DA:1893,0
DA:1896,0
DA:1897,0
DA:1901,0
DA:1931,0
DA:1932,0
DA:1933,0
DA:1934,0
DA:1935,0
DA:1938,0
DA:1952,0
DA:1968,0
DA:1969,0
DA:1970,0
DA:1971,0
DA:1982,0
DA:1985,0
DA:1991,0
DA:1992,0
DA:1996,0
DA:1997,0
DA:1998,0
DA:2006,0
DA:2007,0
DA:2015,0
DA:2016,0
DA:2020,0
DA:2021,0
DA:2022,0
DA:2025,0
DA:2026,0
DA:2027,0
DA:2028,0
DA:2029,0
DA:2030,0
DA:2031,0
DA:2032,0
DA:2033,0
DA:2035,0
DA:2036,0
DA:2043,0
DA:2046,0
DA:2059,0
DA:2091,0
DA:2093,0
DA:2118,0
DA:2119,0
DA:2120,0
DA:2121,0
DA:2124,0
DA:2130,0
DA:2131,0
DA:2134,0
DA:2139,0
DA:2141,0
DA:2164,0
DA:2165,0
DA:2166,0
DA:2167,0
DA:2170,0
DA:2172,0
DA:2181,0
DA:2182,0
DA:2186,0
DA:2187,0
DA:2188,0
DA:2192,0
DA:2203,0
DA:2204,0
DA:2205,0
DA:2206,0
DA:2209,0
DA:2210,0
DA:2212,0
DA:2218,0
DA:2219,0
DA:2223,0
DA:2224,0
DA:2225,0
DA:2230,0
DA:2231,0
DA:2232,0
DA:2233,0
DA:2234,0
DA:2239,0
DA:2242,0
DA:2243,0
DA:2244,0
DA:2246,0
DA:2247,0
DA:2249,0
DA:2250,0
DA:2255,0
DA:2256,0
DA:2258,0
DA:2272,0
DA:2273,0
DA:2274,0
DA:2275,0
DA:2278,0
DA:2280,0
DA:2286,0
DA:2287,0
DA:2291,0
DA:2292,0
DA:2293,0
DA:2297,0
DA:2299,0
DA:2310,0
DA:2311,0
DA:2312,0
DA:2313,0
DA:2316,0
DA:2318,0
DA:2324,0
DA:2325,0
DA:2329,0
DA:2332,0
DA:2337,0
DA:2338,0
DA:2339,0
DA:2343,0
DA:2344,0
DA:2345,0
DA:2346,0
DA:2347,0
DA:2348,0
DA:2349,0
DA:2350,0
DA:2358,0
DA:2359,0
DA:2360,0
DA:2361,0
DA:2363,0
DA:2364,0
DA:2365,0
DA:2366,0
DA:2371,0
DA:2372,0
DA:2373,0
DA:2377,0
DA:2387,0
DA:2388,0
DA:2391,0
DA:2392,0
DA:2396,0
DA:2397,0
DA:2398,0
DA:2401,0
DA:2402,0
DA:2409,0
DA:2410,0
DA:2418,0
DA:2419,0
DA:2420,0
DA:2422,0
DA:2430,0
DA:2434,0
DA:2435,0
DA:2436,0
DA:2437,0
DA:2438,0
DA:2443,0
DA:2449,0
DA:2450,0
DA:2457,0
DA:2458,0
DA:2459,0
DA:2460,0
DA:2461,0
DA:2462,0
DA:2472,0
DA:2479,0
DA:2482,0
DA:2483,0
DA:2484,0
DA:2485,0
DA:2488,0
DA:2489,0
DA:2494,0
DA:2499,0
DA:2500,0
DA:2501,0
DA:2514,0
DA:2517,0
DA:2519,0
DA:2538,0
DA:2539,0
DA:2543,0
DA:2571,0
DA:2573,0
DA:2574,0
DA:2575,0
DA:2576,0
DA:2578,0
DA:2582,0
DA:2583,0
DA:2584,0
DA:2585,0
DA:2586,0
DA:2588,0
DA:2589,0
DA:2590,0
DA:2591,0
DA:2592,0
DA:2593,0
DA:2601,0
DA:2602,0
DA:2603,0
DA:2604,0
DA:2607,0
DA:2610,0
DA:2620,0
DA:2621,0
DA:2625,0
DA:2626,0
DA:2627,0
DA:2634,0
DA:2635,0
DA:2643,0
DA:2644,0
DA:2647,0
DA:2654,0
DA:2655,0
DA:2661,0
DA:2670,0
DA:2679,0
DA:2686,0
DA:2703,0
DA:2704,0
DA:2705,0
DA:2706,0
DA:2709,0
DA:2718,0
DA:2721,0
DA:2730,0
DA:2731,0
DA:2735,0
DA:2736,0
DA:2742,0
DA:2743,0
DA:2744,0
DA:2751,0
DA:2752,0
DA:2758,0
DA:2759,0
DA:2766,0
DA:2767,0
DA:2768,0
DA:2772,0
DA:2773,0
DA:2774,0
DA:2775,0
DA:2778,0
DA:2779,0
DA:2780,0
DA:2785,0
DA:2789,0
DA:2791,0
DA:2795,0
DA:2799,0
DA:2800,0
DA:2801,0
DA:2810,0
DA:2811,0
DA:2820,0
DA:2821,0
DA:2830,0
DA:2831,0
DA:2840,0
DA:2841,0
DA:2853,0
DA:2854,0
DA:2855,0
DA:2859,0
DA:2860,0
DA:2867,0
DA:2871,0
DA:2872,0
DA:2875,0
DA:2876,0
DA:2881,0
DA:2882,0
DA:2883,0
DA:2885,0
DA:2886,0
DA:2887,0
DA:2890,0
DA:2891,0
DA:2896,0
DA:2899,0
DA:2900,0
DA:2905,0
DA:2908,0
DA:2909,0
DA:2917,0
DA:2922,0
DA:2925,0
DA:2926,0
DA:2932,0
DA:2936,0
DA:2937,0
DA:2946,0
DA:2947,0
DA:2950,0
DA:2952,0
DA:2954,0
DA:2956,0
DA:2957,0
DA:2964,0
DA:2965,0
DA:2975,0
DA:2976,0
DA:2977,0
DA:2980,0
DA:3003,0
DA:3004,0
DA:3008,0
DA:3009,0
DA:3010,0
DA:3021,0
DA:3022,0
DA:3030,0
DA:3031,0
DA:3033,0
DA:3085,0
DA:3086,0
DA:3087,0
DA:3088,0
DA:3091,0
DA:3102,0
DA:3105,0
DA:3106,0
DA:3112,0
DA:3119,0
DA:3120,0
DA:3124,0
DA:3125,0
DA:3126,0
DA:3130,0
DA:3153,0
DA:3156,0
DA:3157,0
DA:3158,0
DA:3159,0
DA:3160,0
DA:3169,0
DA:3175,0
DA:3176,0
DA:3177,0
DA:3178,0
DA:3179,0
DA:3187,0
DA:3188,0
DA:3189,0
DA:3190,0
DA:3191,0
DA:3201,0
DA:3206,0
DA:3207,0
DA:3208,0
DA:3209,0
DA:3218,0
DA:3219,0
DA:3220,0
DA:3221,0
DA:3230,0
DA:3231,0
DA:3232,0
DA:3233,0
DA:3242,0
DA:3243,0
DA:3244,0
DA:3245,0
DA:3246,0
DA:3256,0
DA:3257,0
DA:3258,0
DA:3259,0
DA:3260,0
DA:3262,0
DA:3263,0
DA:3271,0
DA:3275,0
DA:3276,0
DA:3282,0
DA:3283,0
DA:3285,0
DA:3286,0
DA:3287,0
DA:3290,0
DA:3313,0
DA:3314,0
DA:3317,0
DA:3318,0
DA:3319,0
DA:3328,0
DA:3332,0
DA:3339,0
DA:3340,0
DA:3343,0
DA:3344,0
DA:3352,0
DA:3353,0
DA:3358,0
DA:3359,0
DA:3362,0
DA:3363,0
DA:3365,0
DA:3368,0
DA:3378,0
DA:3381,0
DA:3382,0
DA:3383,0
DA:3394,0
DA:3413,0
DA:3414,0
DA:3415,0
DA:3416,0
DA:3419,0
DA:3421,0
DA:3429,0
DA:3430,0
DA:3434,0
DA:3435,0
DA:3438,0
DA:3443,0
LF:948
LH:0
BRDA:33,0,0,0
BRDA:33,0,1,0
BRDA:37,1,0,0
BRDA:37,1,1,0
BRDA:37,2,0,0
BRDA:37,2,1,0
BRDA:38,3,0,0
BRDA:38,3,1,0
BRDA:41,4,0,0
BRDA:41,4,1,0
BRDA:55,5,0,0
BRDA:55,5,1,0
BRDA:58,6,0,0
BRDA:58,6,1,0
BRDA:60,7,0,0
BRDA:60,7,1,0
BRDA:62,8,0,0
BRDA:62,8,1,0
BRDA:71,9,0,0
BRDA:71,9,1,0
BRDA:73,10,0,0
BRDA:73,10,1,0
BRDA:74,11,0,0
BRDA:74,11,1,0
BRDA:75,12,0,0
BRDA:75,12,1,0
BRDA:76,13,0,0
BRDA:76,13,1,0
BRDA:77,14,0,0
BRDA:77,14,1,0
BRDA:78,15,0,0
BRDA:78,15,1,0
BRDA:81,16,0,0
BRDA:81,16,1,0
BRDA:82,17,0,0
BRDA:82,17,1,0
BRDA:83,18,0,0
BRDA:83,18,1,0
BRDA:84,19,0,0
BRDA:84,19,1,0
BRDA:90,20,0,0
BRDA:90,20,1,0
BRDA:90,21,0,0
BRDA:90,21,1,0
BRDA:97,22,0,0
BRDA:97,22,1,0
BRDA:98,23,0,0
BRDA:98,23,1,0
BRDA:100,24,0,0
BRDA:100,24,1,0
BRDA:100,25,0,0
BRDA:100,25,1,0
BRDA:117,26,0,0
BRDA:117,26,1,0
BRDA:132,27,0,0
BRDA:132,27,1,0
BRDA:133,28,0,0
BRDA:133,28,1,0
BRDA:135,29,0,0
BRDA:135,29,1,0
BRDA:135,30,0,0
BRDA:135,30,1,0
BRDA:142,31,0,0
BRDA:142,31,1,0
BRDA:148,32,0,0
BRDA:148,32,1,0
BRDA:157,33,0,0
BRDA:157,33,1,0
BRDA:157,34,0,0
BRDA:157,34,1,0
BRDA:162,35,0,0
BRDA:162,35,1,0
BRDA:163,36,0,0
BRDA:163,36,1,0
BRDA:164,37,0,0
BRDA:164,37,1,0
BRDA:165,38,0,0
BRDA:165,38,1,0
BRDA:166,39,0,0
BRDA:166,39,1,0
BRDA:173,40,0,0
BRDA:173,40,1,0
BRDA:173,41,0,0
BRDA:173,41,1,0
BRDA:176,42,0,0
BRDA:176,42,1,0
BRDA:177,43,0,0
BRDA:177,43,1,0
BRDA:183,44,0,0
BRDA:183,44,1,0
BRDA:184,45,0,0
BRDA:184,45,1,0
BRDA:185,46,0,0
BRDA:185,46,1,0
BRDA:186,47,0,0
BRDA:186,47,1,0
BRDA:198,48,0,0
BRDA:198,48,1,0
BRDA:199,49,0,0
BRDA:199,49,1,0
BRDA:213,50,0,0
BRDA:213,50,1,0
BRDA:214,51,0,0
BRDA:214,51,1,0
BRDA:220,52,0,0
BRDA:220,52,1,0
BRDA:221,53,0,0
BRDA:221,53,1,0
BRDA:222,54,0,0
BRDA:222,54,1,0
BRDA:224,55,0,0
BRDA:224,55,1,0
BRDA:225,56,0,0
BRDA:225,56,1,0
BRDA:228,57,0,0
BRDA:228,57,1,0
BRDA:245,58,0,0
BRDA:245,58,1,0
BRDA:268,59,0,0
BRDA:268,59,1,0
BRDA:281,60,0,0
BRDA:281,60,1,0
BRDA:303,61,0,0
BRDA:303,61,1,0
BRDA:305,62,0,0
BRDA:305,62,1,0
BRDA:305,63,0,0
BRDA:305,63,1,0
BRDA:306,64,0,0
BRDA:306,64,1,0
BRDA:322,65,0,0
BRDA:322,65,1,0
BRDA:324,66,0,0
BRDA:324,66,1,0
BRDA:350,67,0,0
BRDA:350,67,1,0
BRDA:356,68,0,0
BRDA:356,68,1,0
BRDA:357,69,0,0
BRDA:357,69,1,0
BRDA:373,70,0,0
BRDA:373,70,1,0
BRDA:377,71,0,0
BRDA:379,72,0,0
BRDA:379,72,1,0
BRDA:379,73,0,0
BRDA:379,73,1,0
BRDA:388,74,0,0
BRDA:388,74,1,0
BRDA:415,75,0,0
BRDA:415,75,1,0
BRDA:416,76,0,0
BRDA:416,76,1,0
BRDA:417,77,0,0
BRDA:417,77,1,0
BRDA:441,78,0,0
BRDA:441,78,1,0
BRDA:443,79,0,0
BRDA:443,79,1,0
BRDA:443,80,0,0
BRDA:443,80,1,0
BRDA:444,81,0,0
BRDA:444,81,1,0
BRDA:444,81,2,0
BRDA:445,82,0,0
BRDA:445,82,1,0
BRDA:445,83,0,0
BRDA:445,83,1,0
BRDA:447,84,0,0
BRDA:447,84,1,0
BRDA:464,85,0,0
BRDA:464,85,1,0
BRDA:465,86,0,0
BRDA:465,86,1,0
BRDA:467,87,0,0
BRDA:467,87,1,0
BRDA:500,88,0,0
BRDA:500,88,1,0
BRDA:505,89,0,0
BRDA:506,90,0,0
BRDA:509,91,0,0
BRDA:510,92,0,0
BRDA:512,93,0,0
BRDA:516,94,0,0
BRDA:516,94,1,0
BRDA:516,95,0,0
BRDA:516,95,1,0
BRDA:525,96,0,0
BRDA:525,96,1,0
BRDA:529,97,0,0
BRDA:529,97,1,0
BRDA:534,98,0,0
BRDA:534,98,1,0
BRDA:545,99,0,0
BRDA:545,99,1,0
BRDA:549,100,0,0
BRDA:549,100,1,0
BRDA:560,101,0,0
BRDA:560,101,1,0
BRDA:580,102,0,0
BRDA:580,102,1,0
BRDA:588,103,0,0
BRDA:588,103,1,0
BRDA:596,104,0,0
BRDA:596,104,1,0
BRDA:603,105,0,0
BRDA:603,105,1,0
BRDA:622,106,0,0
BRDA:622,106,1,0
BRDA:638,107,0,0
BRDA:638,107,1,0
BRDA:652,108,0,0
BRDA:652,108,1,0
BRDA:653,109,0,0
BRDA:653,109,1,0
BRDA:656,110,0,0
BRDA:656,110,1,0
BRDA:656,111,0,0
BRDA:656,111,1,0
BRDA:674,112,0,0
BRDA:674,112,1,0
BRDA:678,113,0,0
BRDA:678,113,1,0
BRDA:678,114,0,0
BRDA:678,114,1,0
BRDA:685,115,0,0
BRDA:685,115,1,0
BRDA:702,116,0,0
BRDA:702,116,1,0
BRDA:711,117,0,0
BRDA:711,117,1,0
BRDA:715,118,0,0
BRDA:715,118,1,0
BRDA:757,119,0,0
BRDA:757,119,1,0
BRDA:761,120,0,0
BRDA:761,121,0,0
BRDA:764,122,0,0
BRDA:764,122,1,0
BRDA:764,123,0,0
BRDA:764,123,1,0
BRDA:764,123,2,0
BRDA:773,124,0,0
BRDA:773,124,1,0
BRDA:777,125,0,0
BRDA:777,125,1,0
BRDA:782,126,0,0
BRDA:782,126,1,0
BRDA:795,127,0,0
BRDA:795,127,1,0
BRDA:801,128,0,0
BRDA:801,128,1,0
BRDA:809,129,0,0
BRDA:809,129,1,0
BRDA:817,130,0,0
BRDA:817,130,1,0
BRDA:817,131,0,0
BRDA:817,131,1,0
BRDA:825,132,0,0
BRDA:825,132,1,0
BRDA:832,133,0,0
BRDA:832,133,1,0
BRDA:860,134,0,0
BRDA:860,134,1,0
BRDA:861,135,0,0
BRDA:861,135,1,0
BRDA:862,136,0,0
BRDA:862,136,1,0
BRDA:865,137,0,0
BRDA:865,137,1,0
BRDA:865,138,0,0
BRDA:865,138,1,0
BRDA:907,139,0,0
BRDA:907,139,1,0
BRDA:910,140,0,0
BRDA:910,140,1,0
BRDA:911,141,0,0
BRDA:911,141,1,0
BRDA:911,141,2,0
BRDA:924,142,0,0
BRDA:924,142,1,0
BRDA:931,143,0,0
BRDA:931,143,1,0
BRDA:932,144,0,0
BRDA:932,144,1,0
BRDA:940,145,0,0
BRDA:940,145,1,0
BRDA:941,146,0,0
BRDA:941,146,1,0
BRDA:941,146,2,0
BRDA:981,147,0,0
BRDA:981,147,1,0
BRDA:992,148,0,0
BRDA:993,149,0,0
BRDA:997,150,0,0
BRDA:997,150,1,0
BRDA:997,151,0,0
BRDA:997,151,1,0
BRDA:997,151,2,0
BRDA:997,151,3,0
BRDA:997,151,4,0
BRDA:1007,152,0,0
BRDA:1007,152,1,0
BRDA:1017,153,0,0
BRDA:1017,153,1,0
BRDA:1027,154,0,0
BRDA:1027,154,1,0
BRDA:1033,155,0,0
BRDA:1033,155,1,0
BRDA:1040,156,0,0
BRDA:1040,156,1,0
BRDA:1047,157,0,0
BRDA:1047,157,1,0
BRDA:1110,158,0,0
BRDA:1110,158,1,0
BRDA:1120,159,0,0
BRDA:1121,160,0,0
BRDA:1122,161,0,0
BRDA:1128,162,0,0
BRDA:1128,162,1,0
BRDA:1131,163,0,0
BRDA:1131,163,1,0
BRDA:1134,164,0,0
BRDA:1134,164,1,0
BRDA:1134,165,0,0
BRDA:1134,165,1,0
BRDA:1136,166,0,0
BRDA:1136,166,1,0
BRDA:1137,167,0,0
BRDA:1137,167,1,0
BRDA:1139,168,0,0
BRDA:1139,168,1,0
BRDA:1150,169,0,0
BRDA:1150,169,1,0
BRDA:1161,170,0,0
BRDA:1161,170,1,0
BRDA:1162,171,0,0
BRDA:1162,171,1,0
BRDA:1163,172,0,0
BRDA:1163,172,1,0
BRDA:1164,173,0,0
BRDA:1164,173,1,0
BRDA:1186,174,0,0
BRDA:1186,174,1,0
BRDA:1186,174,2,0
BRDA:1187,175,0,0
BRDA:1187,175,1,0
BRDA:1190,176,0,0
BRDA:1190,176,1,0
BRDA:1199,177,0,0
BRDA:1199,177,1,0
BRDA:1216,178,0,0
BRDA:1216,178,1,0
BRDA:1223,179,0,0
BRDA:1223,179,1,0
BRDA:1226,180,0,0
BRDA:1226,180,1,0
BRDA:1227,181,0,0
BRDA:1227,181,1,0
BRDA:1230,182,0,0
BRDA:1230,182,1,0
BRDA:1234,183,0,0
BRDA:1234,183,1,0
BRDA:1237,184,0,0
BRDA:1237,184,1,0
BRDA:1238,185,0,0
BRDA:1238,185,1,0
BRDA:1241,186,0,0
BRDA:1241,186,1,0
BRDA:1248,187,0,0
BRDA:1248,187,1,0
BRDA:1253,188,0,0
BRDA:1253,188,1,0
BRDA:1263,189,0,0
BRDA:1263,189,1,0
BRDA:1284,190,0,0
BRDA:1284,190,1,0
BRDA:1299,191,0,0
BRDA:1299,191,1,0
BRDA:1304,192,0,0
BRDA:1304,192,1,0
BRDA:1305,193,0,0
BRDA:1305,193,1,0
BRDA:1322,194,0,0
BRDA:1322,194,1,0
BRDA:1338,195,0,0
BRDA:1338,195,1,0
BRDA:1348,196,0,0
BRDA:1348,196,1,0
BRDA:1352,197,0,0
BRDA:1352,197,1,0
BRDA:1357,198,0,0
BRDA:1357,198,1,0
BRDA:1362,199,0,0
BRDA:1362,199,1,0
BRDA:1362,200,0,0
BRDA:1362,200,1,0
BRDA:1367,201,0,0
BRDA:1367,201,1,0
BRDA:1367,202,0,0
BRDA:1367,202,1,0
BRDA:1373,203,0,0
BRDA:1373,203,1,0
BRDA:1380,204,0,0
BRDA:1380,204,1,0
BRDA:1387,205,0,0
BRDA:1387,205,1,0
BRDA:1407,206,0,0
BRDA:1407,206,1,0
BRDA:1418,207,0,0
BRDA:1418,207,1,0
BRDA:1422,208,0,0
BRDA:1422,208,1,0
BRDA:1423,209,0,0
BRDA:1423,209,1,0
BRDA:1438,210,0,0
BRDA:1438,210,1,0
BRDA:1439,211,0,0
BRDA:1439,211,1,0
BRDA:1441,212,0,0
BRDA:1441,212,1,0
BRDA:1441,213,0,0
BRDA:1441,213,1,0
BRDA:1478,214,0,0
BRDA:1478,214,1,0
BRDA:1479,215,0,0
BRDA:1479,215,1,0
BRDA:1483,216,0,0
BRDA:1483,216,1,0
BRDA:1493,217,0,0
BRDA:1493,217,1,0
BRDA:1495,218,0,0
BRDA:1495,218,1,0
BRDA:1498,219,0,0
BRDA:1498,219,1,0
BRDA:1498,220,0,0
BRDA:1498,220,1,0
BRDA:1501,221,0,0
BRDA:1501,221,1,0
BRDA:1503,222,0,0
BRDA:1503,222,1,0
BRDA:1504,223,0,0
BRDA:1504,223,1,0
BRDA:1515,224,0,0
BRDA:1515,224,1,0
BRDA:1578,225,0,0
BRDA:1578,225,1,0
BRDA:1586,226,0,0
BRDA:1586,226,1,0
BRDA:1622,227,0,0
BRDA:1622,227,1,0
BRDA:1629,228,0,0
BRDA:1629,228,1,0
BRDA:1638,229,0,0
BRDA:1638,229,1,0
BRDA:1658,230,0,0
BRDA:1658,230,1,0
BRDA:1659,231,0,0
BRDA:1659,231,1,0
BRDA:1660,232,0,0
BRDA:1660,232,1,0
BRDA:1673,233,0,0
BRDA:1673,233,1,0
BRDA:1694,234,0,0
BRDA:1694,234,1,0
BRDA:1706,235,0,0
BRDA:1706,235,1,0
BRDA:1712,236,0,0
BRDA:1712,236,1,0
BRDA:1713,237,0,0
BRDA:1713,237,1,0
BRDA:1722,238,0,0
BRDA:1722,238,1,0
BRDA:1723,239,0,0
BRDA:1723,239,1,0
BRDA:1724,240,0,0
BRDA:1724,240,1,0
BRDA:1727,241,0,0
BRDA:1727,241,1,0
BRDA:1733,242,0,0
BRDA:1733,242,1,0
BRDA:1740,243,0,0
BRDA:1740,243,1,0
BRDA:1749,244,0,0
BRDA:1749,244,1,0
BRDA:1761,245,0,0
BRDA:1761,245,1,0
BRDA:1773,246,0,0
BRDA:1773,246,1,0
BRDA:1786,247,0,0
BRDA:1786,247,1,0
BRDA:1787,248,0,0
BRDA:1787,248,1,0
BRDA:1796,249,0,0
BRDA:1796,249,1,0
BRDA:1823,250,0,0
BRDA:1823,250,1,0
BRDA:1828,251,0,0
BRDA:1830,252,0,0
BRDA:1830,252,1,0
BRDA:1839,253,0,0
BRDA:1839,253,1,0
BRDA:1869,254,0,0
BRDA:1869,254,1,0
BRDA:1873,255,0,0
BRDA:1878,256,0,0
BRDA:1878,256,1,0
BRDA:1879,257,0,0
BRDA:1879,257,1,0
BRDA:1880,258,0,0
BRDA:1880,258,1,0
BRDA:1881,259,0,0
BRDA:1881,259,1,0
BRDA:1888,260,0,0
BRDA:1888,260,1,0
BRDA:1896,261,0,0
BRDA:1896,261,1,0
BRDA:1941,262,0,0
BRDA:1941,262,1,0
BRDA:1942,263,0,0
BRDA:1942,263,1,0
BRDA:1943,264,0,0
BRDA:1943,264,1,0
BRDA:1944,265,0,0
BRDA:1944,265,1,0
BRDA:1945,266,0,0
BRDA:1945,266,1,0
BRDA:1947,267,0,0
BRDA:1947,267,1,0
BRDA:1948,268,0,0
BRDA:1948,268,1,0
BRDA:1949,269,0,0
BRDA:1949,269,1,0
BRDA:1970,270,0,0
BRDA:1970,270,1,0
BRDA:1991,271,0,0
BRDA:1991,271,1,0
BRDA:1997,272,0,0
BRDA:1997,272,1,0
BRDA:2006,273,0,0
BRDA:2006,273,1,0
BRDA:2006,274,0,0
BRDA:2006,274,1,0
BRDA:2015,275,0,0
BRDA:2015,275,1,0
BRDA:2020,276,0,0
BRDA:2020,276,1,0
BRDA:2021,277,0,0
BRDA:2021,277,1,0
BRDA:2022,278,0,0
BRDA:2022,278,1,0
BRDA:2028,279,0,0
BRDA:2028,279,1,0
BRDA:2028,280,0,0
BRDA:2028,280,1,0
BRDA:2030,281,0,0
BRDA:2030,281,1,0
BRDA:2031,282,0,0
BRDA:2031,282,1,0
BRDA:2031,282,2,0
BRDA:2032,283,0,0
BRDA:2032,283,1,0
BRDA:2033,284,0,0
BRDA:2033,284,1,0
BRDA:2035,285,0,0
BRDA:2035,285,1,0
BRDA:2053,286,0,0
BRDA:2053,286,1,0
BRDA:2053,286,2,0
BRDA:2056,287,0,0
BRDA:2056,287,1,0
BRDA:2057,288,0,0
BRDA:2057,288,1,0
BRDA:2071,289,0,0
BRDA:2071,289,1,0
BRDA:2072,290,0,0
BRDA:2072,290,1,0
BRDA:2073,291,0,0
BRDA:2073,291,1,0
BRDA:2120,292,0,0
BRDA:2120,292,1,0
BRDA:2130,293,0,0
BRDA:2130,293,1,0
BRDA:2166,294,0,0
BRDA:2166,294,1,0
BRDA:2181,295,0,0
BRDA:2181,295,1,0
BRDA:2186,296,0,0
BRDA:2186,296,1,0
BRDA:2187,297,0,0
BRDA:2187,297,1,0
BRDA:2205,298,0,0
BRDA:2205,298,1,0
BRDA:2218,299,0,0
BRDA:2218,299,1,0
BRDA:2223,300,0,0
BRDA:2223,300,1,0
BRDA:2224,301,0,0
BRDA:2224,301,1,0
BRDA:2230,302,0,0
BRDA:2230,302,1,0
BRDA:2231,303,0,0
BRDA:2231,303,1,0
BRDA:2232,304,0,0
BRDA:2232,304,1,0
BRDA:2233,305,0,0
BRDA:2233,305,1,0
BRDA:2239,306,0,0
BRDA:2239,306,1,0
BRDA:2242,307,0,0
BRDA:2242,307,1,0
BRDA:2242,308,0,0
BRDA:2242,308,1,0
BRDA:2244,309,0,0
BRDA:2244,309,1,0
BRDA:2244,310,0,0
BRDA:2244,310,1,0
BRDA:2249,311,0,0
BRDA:2249,311,1,0
BRDA:2249,312,0,0
BRDA:2249,312,1,0
BRDA:2274,313,0,0
BRDA:2274,313,1,0
BRDA:2286,314,0,0
BRDA:2286,314,1,0
BRDA:2291,315,0,0
BRDA:2291,315,1,0
BRDA:2292,316,0,0
BRDA:2292,316,1,0
BRDA:2312,317,0,0
BRDA:2312,317,1,0
BRDA:2324,318,0,0
BRDA:2324,318,1,0
BRDA:2338,319,0,0
BRDA:2338,319,1,0
BRDA:2343,320,0,0
BRDA:2343,320,1,0
BRDA:2346,321,0,0
BRDA:2346,321,1,0
BRDA:2346,322,0,0
BRDA:2346,322,1,0
BRDA:2346,322,2,0
BRDA:2348,323,0,0
BRDA:2348,323,1,0
BRDA:2358,324,0,0
BRDA:2358,324,1,0
BRDA:2360,325,0,0
BRDA:2360,325,1,0
BRDA:2363,326,0,0
BRDA:2363,326,1,0
BRDA:2365,327,0,0
BRDA:2365,327,1,0
BRDA:2372,328,0,0
BRDA:2372,328,1,0
BRDA:2387,329,0,0
BRDA:2387,329,1,0
BRDA:2391,330,0,0
BRDA:2391,330,1,0
BRDA:2401,331,0,0
BRDA:2401,331,1,0
BRDA:2409,332,0,0
BRDA:2409,332,1,0
BRDA:2418,333,0,0
BRDA:2418,333,1,0
BRDA:2430,334,0,0
BRDA:2430,334,1,0
BRDA:2434,335,0,0
BRDA:2434,335,1,0
BRDA:2435,336,0,0
BRDA:2435,336,1,0
BRDA:2437,337,0,0
BRDA:2437,337,1,0
BRDA:2437,338,0,0
BRDA:2437,338,1,0
[...]
BRDA:700,173,0,0
BRDA:700,173,1,0
BRDA:704,174,0,0
BRDA:704,174,1,0
BRDA:715,175,0,0
BRDA:715,175,1,0
BRDA:725,176,0,0
BRDA:725,176,1,0
BRDA:771,177,0,0
BRDA:771,177,1,0
BRDA:790,178,0,0
BRDA:790,178,1,0
BRDA:805,179,0,0
BRDA:812,180,0,0
BRDA:813,181,0,0
BRDA:814,182,0,0
BRDA:818,183,0,0
BRDA:818,183,1,0
BRDA:824,184,0,0
BRDA:824,184,1,0
BRDA:831,185,0,0
BRDA:831,185,1,0
BRDA:846,186,0,0
BRDA:846,186,1,0
BRDA:875,187,0,0
BRDA:875,187,1,0
BRDA:886,188,0,0
BRDA:886,188,1,0
BRDA:892,189,0,0
BRDA:892,189,1,0
BRDA:927,190,0,0
BRDA:940,191,0,0
BRDA:940,191,1,0
BRDA:973,192,0,0
BRDA:1008,193,0,0
BRDA:1008,193,1,0
BRDA:1012,194,0,0
BRDA:1012,194,1,0
BRDA:1016,195,0,0
BRDA:1016,195,1,0
BRDA:1036,196,0,0
BRDA:1036,196,1,0
BRDA:1048,197,0,0
BRDA:1049,198,0,0
BRDA:1061,199,0,0
BRDA:1061,199,1,0
BRDA:1061,199,2,0
BRDA:1066,200,0,0
BRDA:1066,200,1,0
BRDA:1077,201,0,0
BRDA:1077,201,1,0
BRDA:1083,202,0,0
BRDA:1083,202,1,0
BRDA:1083,203,0,0
BRDA:1083,203,1,0
BRDA:1087,204,0,0
BRDA:1087,204,1,0
BRDA:1089,205,0,0
BRDA:1089,205,1,0
BRDA:1101,206,0,0
BRDA:1101,206,1,0
BRDA:1109,207,0,0
BRDA:1109,207,1,0
BRDA:1111,208,0,0
BRDA:1111,208,1,0
BRDA:1123,209,0,0
BRDA:1123,209,1,0
BRDA:1124,210,0,0
BRDA:1124,210,1,0
BRDA:1126,211,0,0
BRDA:1126,211,1,0
BRDA:1126,212,0,0
BRDA:1126,212,1,0
BRDA:1126,212,2,0
BRDA:1136,213,0,0
BRDA:1136,213,1,0
BRDA:1139,214,0,0
BRDA:1139,214,1,0
BRDA:1156,215,0,0
BRDA:1156,215,1,0
BRDA:1156,216,0,0
BRDA:1156,216,1,0
BRDA:1177,217,0,0
BRDA:1178,218,0,0
BRDA:1178,218,1,0
BRDA:1178,219,0,0
BRDA:1178,219,1,0
BRDA:1179,220,0,0
BRDA:1179,220,1,0
BRDA:1190,221,0,0
BRDA:1190,221,1,0
BRDA:1207,222,0,0
BRDA:1207,222,1,0
BRDA:1209,223,0,0
BRDA:1209,223,1,0
BRDA:1209,224,0,0
BRDA:1209,224,1,0
BRDA:1211,225,0,0
BRDA:1211,225,1,0
BRDA:1213,226,0,0
BRDA:1213,226,1,0
BRDA:1213,227,0,0
BRDA:1213,227,1,0
BRDA:1221,228,0,0
BRDA:1221,228,1,0
BRDA:1224,229,0,0
BRDA:1224,229,1,0
BRDA:1242,230,0,0
BRDA:1242,230,1,0
BRDA:1258,231,0,0
BRDA:1266,232,0,0
BRDA:1267,233,0,0
BRDA:1268,234,0,0
BRDA:1272,235,0,0
BRDA:1272,235,1,0
BRDA:1287,236,0,0
BRDA:1287,236,1,0
BRDA:1297,237,0,0
BRDA:1297,237,1,0
BRDA:1308,238,0,0
BRDA:1308,238,1,0
BRDA:1308,239,0,0
BRDA:1308,239,1,0
BRDA:1321,240,0,0
BRDA:1321,240,1,0
BRDA:1322,241,0,0
BRDA:1322,241,1,0
BRDA:1323,242,0,0
BRDA:1323,242,1,0
BRDA:1332,243,0,0
BRDA:1332,243,1,0
BRDA:1366,244,0,0
BRDA:1366,244,1,0
BRDA:1373,245,0,0
BRDA:1373,245,1,0
BRDA:1434,246,0,0
BRDA:1434,246,1,0
BRDA:1441,247,0,0
BRDA:1441,247,1,0
BRDA:1461,248,0,0
BRDA:1461,248,1,0
BRDA:1472,249,0,0
BRDA:1472,249,1,0
BRDA:1485,250,0,0
BRDA:1485,250,1,0
BRDA:1488,251,0,0
BRDA:1488,251,1,0
BRDA:1551,252,0,0
BRDA:1551,252,1,0
BRDA:1556,253,0,0
BRDA:1556,253,1,0
BRDA:1577,254,0,0
BRDA:1577,254,1,0
BRDA:1577,255,0,0
BRDA:1577,255,1,0
BRDA:1579,256,0,0
BRDA:1579,256,1,0
BRDA:1580,257,0,0
BRDA:1580,257,1,0
BRDA:1583,258,0,0
BRDA:1583,258,1,0
BRDA:1584,259,0,0
BRDA:1584,259,1,0
BRDA:1587,260,0,0
BRDA:1587,260,1,0
BRDA:1617,261,0,0
BRDA:1617,261,1,0
BRDA:1645,262,0,0
BRDA:1647,263,0,0
BRDA:1647,263,1,0
BRDA:1647,264,0,0
BRDA:1647,264,1,0
BRDA:1664,265,0,0
BRDA:1664,265,1,0
BRDA:1670,266,0,0
BRDA:1670,266,1,0
BRDA:1670,267,0,0
BRDA:1670,267,1,0
BRDA:1671,268,0,0
BRDA:1671,268,1,0
BRDA:1677,269,0,0
BRDA:1677,269,1,0
BRDA:1694,270,0,0
BRDA:1694,270,1,0
BRDA:1705,271,0,0
BRDA:1707,272,0,0
BRDA:1707,272,1,0
BRDA:1707,273,0,0
BRDA:1707,273,1,0
BRDA:1724,274,0,0
BRDA:1724,274,1,0
BRDA:1730,275,0,0
BRDA:1730,275,1,0
BRDA:1737,276,0,0
BRDA:1737,276,1,0
BRDA:1747,277,0,0
BRDA:1747,277,1,0
BRDA:1767,278,0,0
BRDA:1767,278,1,0
BRDA:1768,279,0,0
BRDA:1768,279,1,0
BRDA:1769,280,0,0
BRDA:1769,280,1,0
BRDA:1769,281,0,0
BRDA:1769,281,1,0
BRDA:1770,282,0,0
BRDA:1770,282,1,0
BRF:536
BRH:0
end_of_record
TN:
SF:src/services/sesIdentityService.js
FN:23,getClient
FN:51,formatDNSRecords
FN:56,(anonymous_2)
FN:80,translateDkimStatus
FN:97,(anonymous_4)
FN:136,(anonymous_5)
FN:177,(anonymous_6)
FN:205,(anonymous_7)
FNF:8
FNH:0
FNDA:0,getClient
FNDA:0,formatDNSRecords
FNDA:0,(anonymous_2)
FNDA:0,translateDkimStatus
FNDA:0,(anonymous_4)
FNDA:0,(anonymous_5)
FNDA:0,(anonymous_6)
FNDA:0,(anonymous_7)
DA:16,0
DA:17,0
DA:18,0
DA:25,0
DA:26,0
DA:29,0
DA:30,0
DA:32,0
DA:33,0
DA:36,0
DA:43,0
DA:45,0
DA:52,0
DA:55,0
DA:56,0
DA:57,0
DA:67,0
DA:74,0
DA:81,0
DA:88,0
DA:91,0
DA:98,0
DA:99,0
DA:101,0
DA:108,0
DA:110,0
DA:112,0
DA:120,0
DA:123,0
DA:124,0
DA:127,0
DA:137,0
DA:138,0
DA:140,0
DA:144,0
DA:146,0
DA:155,0
DA:158,0
DA:159,0
DA:169,0
DA:178,0
DA:179,0
DA:181,0
DA:185,0
DA:187,0
DA:189,0
DA:191,0
DA:194,0
DA:195,0
DA:198,0
DA:206,0
DA:207,0
LF:52
LH:0
BRDA:25,0,0,0
BRDA:25,0,1,0
BRDA:25,1,0,0
BRDA:25,1,1,0
BRDA:25,1,2,0
BRDA:32,2,0,0
BRDA:32,2,1,0
BRDA:32,3,0,0
BRDA:32,3,1,0
BRDA:32,3,2,0
BRDA:37,4,0,0
BRDA:37,4,1,0
BRDA:55,5,0,0
BRDA:55,5,1,0
BRDA:55,6,0,0
BRDA:55,6,1,0
BRDA:88,7,0,0
BRDA:88,7,1,0
BRDA:114,8,0,0
BRDA:114,8,1,0
BRDA:116,9,0,0
BRDA:116,9,1,0
BRDA:123,10,0,0
BRDA:123,10,1,0
BRDA:148,11,0,0
BRDA:148,11,1,0
BRDA:150,12,0,0
BRDA:150,12,1,0
BRDA:158,13,0,0
BRDA:158,13,1,0
BRDA:194,14,0,0
BRDA:194,14,1,0
BRF:32
BRH:0
end_of_record
TN:
SF:src/services/smsService.js
FN:10,(anonymous_0)
FN:18,(anonymous_1)
FN:36,(anonymous_2)
FN:66,(anonymous_3)
FN:102,(anonymous_4)
FN:167,(anonymous_5)
FN:186,(anonymous_6)
FN:230,(anonymous_7)
FN:234,(anonymous_8)
FN:238,(anonymous_9)
FN:242,(anonymous_10)
FN:246,(anonymous_11)
FN:258,(anonymous_12)
FNF:13
FNH:0
FNDA:0,(anonymous_0)
FNDA:0,(anonymous_1)
FNDA:0,(anonymous_2)
FNDA:0,(anonymous_3)
FNDA:0,(anonymous_4)
FNDA:0,(anonymous_5)
FNDA:0,(anonymous_6)
FNDA:0,(anonymous_7)
FNDA:0,(anonymous_8)
FNDA:0,(anonymous_9)
FNDA:0,(anonymous_10)
FNDA:0,(anonymous_11)
FNDA:0,(anonymous_12)
DA:11,0
DA:19,0
DA:21,0
DA:22,0
DA:23,0
DA:25,0
DA:26,0
DA:37,0
DA:40,0
DA:43,0
DA:45,0
DA:46,0
DA:48,0
DA:49,0
DA:51,0
DA:52,0
DA:54,0
DA:58,0
DA:67,0
DA:68,0
DA:69,0
DA:70,0
DA:72,0
DA:84,0
DA:86,0
DA:103,0
DA:105,0
DA:106,0
DA:107,0
DA:108,0
DA:109,0
DA:111,0
DA:115,0
DA:116,0
DA:118,0
DA:119,0
DA:122,0
DA:124,0
DA:139,0
DA:144,0
DA:146,0
DA:147,0
DA:149,0
DA:152,0
DA:154,0
DA:155,0
DA:168,0
DA:170,0
DA:171,0
DA:172,0
DA:173,0
DA:175,0
DA:179,0
DA:187,0
DA:189,0
DA:190,0
DA:193,0
DA:194,0
DA:200,0
DA:207,0
DA:209,0
DA:210,0
DA:216,0
DA:221,0
DA:222,0
DA:229,0
DA:231,0
DA:235,0
DA:239,0
DA:243,0
DA:247,0
DA:259,0
DA:261,0
DA:262,0
DA:265,0
DA:266,0
DA:271,0
LF:77
LH:0
BRDA:37,0,0,0
BRDA:37,0,1,0
BRDA:43,1,0,0
BRDA:43,1,1,0
BRDA:43,2,0,0
BRDA:43,2,1,0
BRDA:46,3,0,0
BRDA:46,3,1,0
BRDA:46,4,0,0
BRDA:46,4,1,0
BRDA:49,5,0,0
BRDA:49,5,1,0
BRDA:49,6,0,0
BRDA:49,6,1,0
BRDA:52,7,0,0
BRDA:52,7,1,0
BRDA:52,8,0,0
BRDA:52,8,1,0
BRDA:89,9,0,0
BRDA:89,9,1,0
BRDA:90,10,0,0
BRDA:90,10,1,0
BRDA:90,11,0,0
BRDA:90,11,1,0
BRDA:102,12,0,0
BRDA:105,13,0,0
BRDA:105,13,1,0
BRDA:106,14,0,0
BRDA:106,14,1,0
BRDA:118,15,0,0
BRDA:118,15,1,0
BRDA:118,16,0,0
BRDA:118,16,1,0
BRDA:146,17,0,0
BRDA:146,17,1,0
BRDA:167,18,0,0
BRDA:189,19,0,0
BRDA:189,19,1,0
BRDA:209,20,0,0
BRDA:209,20,1,0
BRDA:261,21,0,0
BRDA:261,21,1,0
BRF:42
BRH:0
end_of_record
TN:
SF:src/services/sslService.js
FN:51,(anonymous_0)
FN:72,(anonymous_1)
FN:124,(anonymous_2)
FN:206,(anonymous_3)
FN:333,(anonymous_4)
FN:389,(anonymous_5)
FN:431,(anonymous_6)
FN:465,(anonymous_7)
FN:504,(anonymous_8)
FNF:9
FNH:0
FNDA:0,(anonymous_0)
FNDA:0,(anonymous_1)
FNDA:0,(anonymous_2)
FNDA:0,(anonymous_3)
FNDA:0,(anonymous_4)
FNDA:0,(anonymous_5)
FNDA:0,(anonymous_6)
FNDA:0,(anonymous_7)
FNDA:0,(anonymous_8)
DA:20,0
DA:21,0
DA:24,0
DA:51,0
DA:52,0
DA:54,0
DA:55,0
DA:59,0
DA:60,0
DA:62,0
DA:63,0
DA:72,0
DA:73,0
DA:75,0
DA:79,0
DA:80,0
DA:82,0
DA:83,0
DA:92,0
DA:94,0
DA:95,0
DA:96,0
DA:103,0
DA:106,0
DA:114,0
DA:115,0
DA:124,0
DA:125,0
DA:126,0
DA:131,0
DA:135,0
DA:137,0
DA:139,0
DA:140,0
DA:144,0
DA:147,0
DA:148,0
DA:149,0
DA:150,0
DA:152,0
DA:157,0
DA:158,0
DA:160,0
DA:162,0
DA:169,0
DA:172,0
DA:173,0
DA:181,0
DA:182,0
DA:190,0
DA:206,0
DA:207,0
DA:208,0
DA:211,0
DA:213,0
DA:333,0
DA:334,0
DA:335,0
DA:336,0
DA:338,0
DA:340,0
DA:341,0
DA:344,0
DA:345,0
DA:349,0
DA:350,0
DA:353,0
DA:354,0
DA:355,0
DA:359,0
DA:360,0
DA:362,0
DA:367,0
DA:370,0
DA:371,0
DA:372,0
DA:377,0
DA:389,0
DA:390,0
DA:391,0
DA:392,0
DA:394,0
DA:396,0
DA:397,0
DA:403,0
DA:404,0
DA:410,0
DA:411,0
DA:413,0
DA:418,0
DA:419,0
DA:431,0
DA:432,0
DA:434,0
DA:435,0
DA:438,0
DA:441,0
DA:442,0
DA:443,0
DA:444,0
DA:445,0
DA:447,0
DA:454,0
DA:456,0
DA:465,0
DA:466,0
DA:467,0
DA:469,0
DA:474,0
DA:477,0
DA:480,0
DA:482,0
DA:488,0
DA:489,0
DA:504,0
DA:505,0
DA:506,0
DA:509,0
DA:510,0
DA:511,0
DA:521,0
DA:522,0
DA:523,0
DA:532,0
DA:533,0
DA:534,0
DA:535,0
DA:543,0
DA:545,0
DA:552,0
DA:553,0
LF:131
LH:0
BRDA:26,0,0,0
BRDA:26,0,1,0
BRDA:27,1,0,0
BRDA:27,1,1,0
BRDA:30,2,0,0
BRDA:30,2,1,0
BRDA:31,3,0,0
BRDA:31,3,1,0
BRDA:35,4,0,0
BRDA:35,4,1,0
BRDA:36,5,0,0
BRDA:36,5,1,0
BRDA:37,6,0,0
BRDA:37,6,1,0
BRDA:41,7,0,0
BRDA:41,7,1,0
BRDA:54,8,0,0
BRDA:54,8,1,0
BRDA:94,9,0,0
BRDA:94,9,1,0
BRDA:131,10,0,0
BRDA:131,10,1,0
BRDA:139,11,0,0
BRDA:139,11,1,0
BRDA:139,12,0,0
BRDA:139,12,1,0
BRDA:147,13,0,0
BRDA:147,13,1,0
BRDA:172,14,0,0
BRDA:172,14,1,0
BRDA:172,15,0,0
BRDA:172,15,1,0
BRDA:181,16,0,0
BRDA:181,16,1,0
BRDA:181,17,0,0
BRDA:181,17,1,0
BRDA:354,18,0,0
BRDA:354,18,1,0
BRDA:354,19,0,0
BRDA:354,19,1,0
BRDA:442,20,0,0
BRDA:442,20,1,0
BRDA:510,21,0,0
BRDA:510,21,1,0
BRDA:522,22,0,0
BRDA:522,22,1,0
BRDA:534,23,0,0
BRDA:534,23,1,0
BRF:48
BRH:0
end_of_record
TN:
SF:src/services/sms/ISMSProvider.js
FN:6,(anonymous_0)
FN:14,(anonymous_1)
FN:22,(anonymous_2)
FN:30,(anonymous_3)
FN:38,(anonymous_4)
FN:50,(anonymous_5)
FN:62,(anonymous_6)
FN:79,(anonymous_7)
FN:87,(anonymous_8)
FN:96,(anonymous_9)
FN:107,(anonymous_10)
FNF:11
FNH:0
FNDA:0,(anonymous_0)
FNDA:0,(anonymous_1)
FNDA:0,(anonymous_2)
FNDA:0,(anonymous_3)
FNDA:0,(anonymous_4)
FNDA:0,(anonymous_5)
FNDA:0,(anonymous_6)
FNDA:0,(anonymous_7)
FNDA:0,(anonymous_8)
FNDA:0,(anonymous_9)
FNDA:0,(anonymous_10)
DA:7,0
DA:15,0
DA:23,0
DA:31,0
DA:39,0
DA:51,0
DA:63,0
DA:64,0
DA:65,0
DA:66,0
DA:67,0
DA:69,0
DA:72,0
DA:80,0
DA:88,0
DA:97,0
DA:99,0
DA:108,0
LF:18
LH:0
BRDA:50,0,0,0
BRDA:62,1,0,0
BRDA:97,2,0,0
BRDA:97,2,1,0
BRF:4
BRH:0
end_of_record
TN:
SF:src/services/sms/SMSProviderFactory.js
FN:5,(anonymous_0)
FN:6,(anonymous_1)
FN:7,(anonymous_2)
FN:8,(anonymous_3)
FN:16,(anonymous_4)
FN:24,(anonymous_5)
FN:52,(anonymous_6)
FN:76,(anonymous_7)
FN:93,(anonymous_8)
FN:104,(anonymous_9)
FN:113,(anonymous_10)
FNF:11
FNH:0
FNDA:0,(anonymous_0)
FNDA:0,(anonymous_1)
FNDA:0,(anonymous_2)
FNDA:0,(anonymous_3)
FNDA:0,(anonymous_4)
FNDA:0,(anonymous_5)
FNDA:0,(anonymous_6)
FNDA:0,(anonymous_7)
FNDA:0,(anonymous_8)
FNDA:0,(anonymous_9)
FNDA:0,(anonymous_10)
DA:4,0
DA:5,0
DA:6,0
DA:7,0
DA:8,0
DA:17,0
DA:25,0
DA:27,0
DA:28,0
DA:29,0
DA:30,0
DA:32,0
DA:39,0
DA:43,0
DA:53,0
DA:55,0
DA:56,0
DA:59,0
DA:60,0
DA:61,0
DA:62,0
DA:64,0
DA:65,0
DA:77,0
DA:79,0
DA:80,0
DA:83,0
DA:84,0
DA:86,0
DA:94,0
DA:95,0
DA:96,0
DA:105,0
DA:114,0
DA:116,0
DA:117,0
DA:120,0
DA:121,0
DA:122,0
DA:124,0
DA:131,0
DA:132,0
DA:138,0
LF:43
LH:0
BRDA:55,0,0,0
BRDA:55,0,1,0
BRDA:79,1,0,0
BRDA:79,1,1,0
BRDA:95,2,0,0
BRDA:95,2,1,0
BRDA:116,3,0,0
BRDA:116,3,1,0
BRF:8
BRH:0
end_of_record
TN:
SF:src/services/sms/index.js
FNF:0
FNH:0
LF:0
LH:0
BRF:0
BRH:0
end_of_record
TN:
SF:src/services/sms/providers/IletiMerkeziProvider.js
FN:9,(anonymous_0)
FN:13,(anonymous_1)
FN:17,(anonymous_2)
FN:25,(anonymous_3)
FN:32,(anonymous_4)
FN:73,(anonymous_5)
FN:112,(anonymous_6)
FN:129,(anonymous_7)
FN:157,(anonymous_8)
FN:177,(anonymous_9)
FNF:10
FNH:0
FNDA:0,(anonymous_0)
FNDA:0,(anonymous_1)
FNDA:0,(anonymous_2)
FNDA:0,(anonymous_3)
FNDA:0,(anonymous_4)
FNDA:0,(anonymous_5)
FNDA:0,(anonymous_6)
FNDA:0,(anonymous_7)
FNDA:0,(anonymous_8)
FNDA:0,(anonymous_9)
DA:10,0
DA:14,0
DA:18,0
DA:26,0
DA:33,0
DA:35,0
DA:36,0
DA:61,0
DA:63,0
DA:74,0
DA:75,0
DA:91,0
DA:92,0
DA:93,0
DA:100,0
DA:105,0
DA:113,0
DA:114,0
DA:115,0
DA:120,0
DA:130,0
DA:133,0
DA:136,0
DA:138,0
DA:139,0
DA:141,0
DA:142,0
DA:144,0
DA:145,0
DA:147,0
DA:151,0
DA:158,0
DA:160,0
DA:161,0
DA:167,0
DA:178,0
DA:192,0
LF:37
LH:0
BRDA:65,0,0,0
BRDA:65,0,1,0
BRDA:92,1,0,0
BRDA:92,1,1,0
BRDA:95,2,0,0
BRDA:95,2,1,0
BRDA:102,3,0,0
BRDA:102,3,1,0
BRDA:130,4,0,0
BRDA:130,4,1,0
BRDA:136,5,0,0
BRDA:136,5,1,0
BRDA:136,6,0,0
BRDA:136,6,1,0
BRDA:139,7,0,0
BRDA:139,7,1,0
BRDA:139,8,0,0
BRDA:139,8,1,0
BRDA:142,9,0,0
BRDA:142,9,1,0
BRDA:142,10,0,0
BRDA:142,10,1,0
BRDA:145,11,0,0
BRDA:145,11,1,0
BRDA:145,12,0,0
BRDA:145,12,1,0
BRDA:160,13,0,0
BRDA:160,13,1,0
BRDA:163,14,0,0
BRDA:163,14,1,0
BRDA:170,15,0,0
BRDA:170,15,1,0
BRF:32
BRH:0
end_of_record
TN:
SF:src/services/sms/providers/NetGSMProvider.js
FN:10,(anonymous_0)
FN:14,(anonymous_1)
FN:18,(anonymous_2)
FN:26,(anonymous_3)
FN:30,(anonymous_4)
FN:39,(anonymous_5)
FN:67,(anonymous_6)
FN:98,(anonymous_7)
FN:161,(anonymous_8)
FN:195,(anonymous_9)
FNF:10
FNH:0
FNDA:0,(anonymous_0)
FNDA:0,(anonymous_1)
FNDA:0,(anonymous_2)
FNDA:0,(anonymous_3)
FNDA:0,(anonymous_4)
FNDA:0,(anonymous_5)
FNDA:0,(anonymous_6)
FNDA:0,(anonymous_7)
FNDA:0,(anonymous_8)
FNDA:0,(anonymous_9)
DA:11,0
DA:15,0
DA:19,0
DA:27,0
DA:31,0
DA:32,0
DA:33,0
DA:40,0
DA:43,0
DA:46,0
DA:48,0
DA:49,0
DA:51,0
DA:52,0
DA:54,0
DA:55,0
DA:57,0
DA:61,0
DA:68,0
DA:69,0
DA:70,0
DA:71,0
DA:73,0
DA:85,0
DA:87,0
DA:99,0
DA:101,0
DA:102,0
DA:105,0
DA:106,0
DA:109,0
DA:111,0
DA:138,0
DA:143,0
DA:145,0
DA:146,0
DA:148,0
DA:151,0
DA:153,0
DA:154,0
DA:162,0
DA:163,0
DA:166,0
DA:167,0
DA:173,0
DA:174,0
DA:176,0
DA:178,0
DA:179,0
DA:182,0
DA:187,0
DA:188,0
DA:196,0
DA:197,0
DA:198,0
DA:203,0
LF:56
LH:0
BRDA:40,0,0,0
BRDA:40,0,1,0
BRDA:46,1,0,0
BRDA:46,1,1,0
BRDA:46,2,0,0
BRDA:46,2,1,0
BRDA:49,3,0,0
BRDA:49,3,1,0
BRDA:49,4,0,0
BRDA:49,4,1,0
BRDA:52,5,0,0
BRDA:52,5,1,0
BRDA:52,6,0,0
BRDA:52,6,1,0
BRDA:55,7,0,0
BRDA:55,7,1,0
BRDA:55,8,0,0
BRDA:55,8,1,0
BRDA:90,9,0,0
BRDA:90,9,1,0
BRDA:91,10,0,0
BRDA:91,10,1,0
BRDA:91,11,0,0
BRDA:91,11,1,0
BRDA:98,12,0,0
BRDA:101,13,0,0
BRDA:101,13,1,0
BRDA:101,14,0,0
BRDA:101,14,1,0
BRDA:105,15,0,0
BRDA:105,15,1,0
BRDA:105,16,0,0
BRDA:105,16,1,0
BRDA:105,16,2,0
BRDA:145,17,0,0
BRDA:145,17,1,0
BRDA:162,18,0,0
BRDA:162,18,1,0
BRDA:162,19,0,0
BRDA:162,19,1,0
BRDA:178,20,0,0
BRDA:178,20,1,0
BRF:42
BRH:0
end_of_record
TN:
SF:src/services/sms/providers/TwilioProvider.js
FN:9,(anonymous_0)
FN:13,(anonymous_1)
FN:17,(anonymous_2)
FN:31,(anonymous_3)
FN:38,(anonymous_4)
FN:72,(anonymous_5)
FN:100,(anonymous_6)
FN:133,(anonymous_7)
FN:160,(anonymous_8)
FN:177,(anonymous_9)
FNF:10
FNH:0
FNDA:0,(anonymous_0)
FNDA:0,(anonymous_1)
FNDA:0,(anonymous_2)
FNDA:0,(anonymous_3)
FNDA:0,(anonymous_4)
FNDA:0,(anonymous_5)
FNDA:0,(anonymous_6)
FNDA:0,(anonymous_7)
FNDA:0,(anonymous_8)
FNDA:0,(anonymous_9)
DA:10,0
DA:14,0
DA:18,0
DA:32,0
DA:39,0
DA:40,0
DA:42,0
DA:43,0
DA:60,0
DA:62,0
DA:73,0
DA:75,0
DA:76,0
DA:87,0
DA:93,0
DA:101,0
DA:103,0
DA:104,0
DA:115,0
DA:116,0
DA:119,0
DA:121,0
DA:122,0
DA:124,0
DA:134,0
DA:137,0
DA:140,0
DA:141,0
DA:145,0
DA:146,0
DA:147,0
DA:148,0
DA:149,0
DA:150,0
DA:154,0
DA:161,0
DA:162,0
DA:168,0
DA:178,0
DA:193,0
LF:40
LH:0
BRDA:64,0,0,0
BRDA:64,0,1,0
BRDA:115,1,0,0
BRDA:115,1,1,0
BRDA:121,2,0,0
BRDA:121,2,1,0
BRDA:134,3,0,0
BRDA:134,3,1,0
BRDA:140,4,0,0
BRDA:140,4,1,0
BRDA:145,5,0,0
BRDA:145,5,1,0
BRDA:145,6,0,0
BRDA:145,6,1,0
BRDA:147,7,0,0
BRDA:147,7,1,0
BRDA:147,8,0,0
BRDA:147,8,1,0
BRDA:149,9,0,0
BRDA:149,9,1,0
BRDA:149,10,0,0
BRDA:149,10,1,0
BRDA:161,11,0,0
BRDA:161,11,1,0
BRDA:170,12,0,0
BRDA:170,12,1,0
BRF:26
BRH:0
end_of_record
TN:
SF:src/services/sms/providers/VonageProvider.js
FN:9,(anonymous_0)
FN:13,(anonymous_1)
FN:17,(anonymous_2)
FN:25,(anonymous_3)
FN:32,(anonymous_4)
FN:65,(anonymous_5)
FN:87,(anonymous_6)
FN:104,(anonymous_7)
FN:126,(anonymous_8)
FN:146,(anonymous_9)
FNF:10
FNH:0
FNDA:0,(anonymous_0)
FNDA:0,(anonymous_1)
FNDA:0,(anonymous_2)
FNDA:0,(anonymous_3)
FNDA:0,(anonymous_4)
FNDA:0,(anonymous_5)
FNDA:0,(anonymous_6)
FNDA:0,(anonymous_7)
FNDA:0,(anonymous_8)
FNDA:0,(anonymous_9)
DA:10,0
DA:14,0
DA:18,0
DA:26,0
DA:33,0
DA:34,0
DA:36,0
DA:37,0
DA:53,0
DA:55,0
DA:66,0
DA:68,0
DA:69,0
DA:74,0
DA:80,0
DA:88,0
DA:89,0
DA:90,0
DA:95,0
DA:105,0
DA:108,0
DA:111,0
DA:112,0
DA:113,0
DA:114,0
DA:115,0
DA:116,0
DA:120,0
DA:127,0
DA:129,0
DA:130,0
DA:136,0
DA:147,0
DA:166,0
LF:34
LH:0
BRDA:57,0,0,0
BRDA:57,0,1,0
BRDA:105,1,0,0
BRDA:105,1,1,0
BRDA:111,2,0,0
BRDA:111,2,1,0
BRDA:111,3,0,0
BRDA:111,3,1,0
BRDA:113,4,0,0
BRDA:113,4,1,0
BRDA:113,5,0,0
BRDA:113,5,1,0
BRDA:115,6,0,0
BRDA:115,6,1,0
BRDA:115,7,0,0
BRDA:115,7,1,0
BRDA:129,8,0,0
BRDA:129,8,1,0
BRDA:139,9,0,0
BRDA:139,9,1,0
BRF:20
BRH:0
end_of_record
TN:
SF:src/templates/maizzle/config.js
FNF:0
FNH:0
LF:0
LH:0
BRF:0
BRH:0
end_of_record
TN:
SF:src/templates/maizzle/config.production.js
FNF:0
FNH:0
LF:0
LH:0
BRF:0
BRH:0
end_of_record
TN:
SF:src/templates/maizzle/tailwind.config.js
FNF:0
FNH:0
LF:0
LH:0
BRF:0
BRH:0
end_of_record
TN:
SF:src/utils/multiplierUtils.js
FN:13,generateDefaultAdultMultipliers
FN:40,generateDefaultChildMultipliers
FN:63,generateCombinationKey
FN:69,(anonymous_3)
FN:70,(anonymous_4)
FN:84,generateCombinationName
FN:87,(anonymous_6)
FN:100,(anonymous_7)
FN:101,(anonymous_8)
FN:114,calculateCombinationMultiplier
FN:144,generateChildCombinations
FN:179,generateCombinationTable
FN:186,(anonymous_12)
FN:256,recalculateCombinationTable
FN:257,(anonymous_14)
FN:278,getEffectiveMultiplier
FN:297,calculatePrice
FN:322,validateCombinationTable
FN:326,(anonymous_18)
FN:334,(anonymous_19)
FNF:20
FNH:10
FNDA:4,generateDefaultAdultMultipliers
FNDA:3,generateDefaultChildMultipliers
FNDA:6,generateCombinationKey
FNDA:1,(anonymous_3)
FNDA:3,(anonymous_4)
FNDA:10,generateCombinationName
FNDA:20,(anonymous_6)
FNDA:1,(anonymous_7)
FNDA:5,(anonymous_8)
FNDA:10,calculateCombinationMultiplier
FNDA:0,generateChildCombinations
FNDA:0,generateCombinationTable
FNDA:0,(anonymous_12)
FNDA:0,recalculateCombinationTable
FNDA:0,(anonymous_14)
FNDA:0,getEffectiveMultiplier
FNDA:0,calculatePrice
FNDA:0,validateCombinationTable
FNDA:0,(anonymous_18)
FNDA:0,(anonymous_19)
DA:14,4
DA:16,4
DA:17,20
DA:20,2
DA:21,18
DA:23,4
DA:27,14
DA:31,4
DA:41,3
DA:43,3
DA:44,7
DA:46,7
DA:50,15
DA:54,3
DA:64,6
DA:65,4
DA:68,2
DA:69,1
DA:70,3
DA:73,2
DA:86,10
DA:87,10
DA:88,20
DA:92,10
DA:93,6
DA:94,4
DA:95,2
DA:99,4
DA:100,1
DA:101,5
DA:103,4
DA:121,10
DA:124,10
DA:125,10
DA:126,7
DA:127,7
DA:128,6
DA:133,10
DA:145,0
DA:146,0
DA:149,0
DA:151,0
DA:152,0
DA:153,0
DA:155,0
DA:156,0
DA:158,0
DA:164,0
DA:168,0
DA:185,0
DA:186,0
DA:189,0
DA:190,0
DA:192,0
DA:193,0
DA:196,0
DA:199,0
DA:201,0
DA:202,0
DA:217,0
DA:218,0
DA:220,0
DA:222,0
DA:224,0
DA:225,0
DA:226,0
DA:233,0
DA:245,0
DA:257,0
DA:258,0
DA:265,0
DA:279,0
DA:280,0
DA:283,0
DA:284,0
DA:287,0
DA:298,0
DA:300,0
DA:302,0
DA:304,0
DA:306,0
DA:308,0
DA:310,0
DA:312,0
DA:323,0
DA:326,0
DA:327,0
DA:328,0
DA:333,0
DA:334,0
DA:335,0
DA:336,0
DA:341,0
DA:342,0
DA:343,0
DA:347,0
LF:96
LH:38
BRDA:13,0,0,0
BRDA:13,1,0,3
BRDA:17,2,0,2
BRDA:17,2,1,18
BRDA:21,3,0,4
BRDA:21,3,1,14
BRDA:63,4,0,3
BRDA:64,5,0,4
BRDA:64,5,1,2
BRDA:84,6,0,0
BRDA:84,7,0,0
BRDA:84,8,0,0
BRDA:88,9,0,20
BRDA:88,9,1,2
BRDA:88,9,2,0
BRDA:92,10,0,6
BRDA:92,10,1,4
BRDA:93,11,0,2
BRDA:93,11,1,4
BRDA:93,12,0,1
BRDA:93,12,1,1
BRDA:94,13,0,2
BRDA:94,13,1,2
BRDA:94,14,0,1
BRDA:94,14,1,1
BRDA:95,15,0,1
BRDA:95,15,1,1
BRDA:101,16,0,5
BRDA:101,16,1,1
BRDA:121,17,0,10
BRDA:121,17,1,1
BRDA:127,18,0,6
BRDA:127,18,1,1
BRDA:128,19,0,6
BRDA:128,19,1,2
BRDA:144,20,0,0
BRDA:144,21,0,0
BRDA:145,22,0,0
BRDA:145,22,1,0
BRDA:155,23,0,0
BRDA:155,23,1,0
BRDA:182,24,0,0
BRDA:183,25,0,0
BRDA:185,26,0,0
BRDA:189,27,0,0
BRDA:189,27,1,0
BRDA:192,28,0,0
BRDA:192,28,1,0
BRDA:279,29,0,0
BRDA:279,29,1,0
BRDA:283,30,0,0
BRDA:283,30,1,0
BRDA:283,31,0,0
BRDA:283,31,1,0
BRDA:297,32,0,0
BRDA:300,33,0,0
BRDA:300,33,1,0
BRDA:300,33,2,0
BRDA:300,33,3,0
BRDA:300,33,4,0
BRDA:300,33,5,0
BRDA:322,34,0,0
BRDA:327,35,0,0
BRDA:327,35,1,0
BRDA:333,36,0,0
BRDA:333,36,1,0
BRDA:334,37,0,0
BRDA:334,37,1,0
BRDA:335,38,0,0
BRDA:335,38,1,0
BRDA:335,39,0,0
BRDA:335,39,1,0
BRDA:342,40,0,0
BRDA:342,40,1,0
BRDA:342,41,0,0
BRDA:342,41,1,0
BRF:76
BRH:30
end_of_record
